[INFO] Scanning for projects...
[INFO] 
[INFO] ----------------------< gq.bxteam:ndailyrewards >-----------------------
[INFO] Building NDailyRewards DEV - 17 (git daeed8d2)
[INFO] --------------------------------[ jar ]---------------------------------
[INFO] Downloading from central: https://repo.maven.apache.org/maven2/org/apache/maven/plugins/maven-source-plugin/3.2.1/maven-source-plugin-3.2.1.pom
[INFO] Downloaded from central: https://repo.maven.apache.org/maven2/org/apache/maven/plugins/maven-source-plugin/3.2.1/maven-source-plugin-3.2.1.pom (6.9 kB at 26 kB/s)
[INFO] Downloading from central: https://repo.maven.apache.org/maven2/org/apache/maven/plugins/maven-plugins/33/maven-plugins-33.pom
[INFO] Downloaded from central: https://repo.maven.apache.org/maven2/org/apache/maven/plugins/maven-plugins/33/maven-plugins-33.pom (11 kB at 345 kB/s)
[INFO] Downloading from central: https://repo.maven.apache.org/maven2/org/apache/maven/maven-parent/33/maven-parent-33.pom
[INFO] Downloaded from central: https://repo.maven.apache.org/maven2/org/apache/maven/maven-parent/33/maven-parent-33.pom (44 kB at 1.0 MB/s)
[INFO] Downloading from central: https://repo.maven.apache.org/maven2/org/apache/apache/21/apache-21.pom
[INFO] Downloaded from central: https://repo.maven.apache.org/maven2/org/apache/apache/21/apache-21.pom (17 kB at 611 kB/s)
[INFO] Downloading from central: https://repo.maven.apache.org/maven2/org/apache/maven/plugins/maven-source-plugin/3.2.1/maven-source-plugin-3.2.1.jar
[INFO] Downloaded from central: https://repo.maven.apache.org/maven2/org/apache/maven/plugins/maven-source-plugin/3.2.1/maven-source-plugin-3.2.1.jar (32 kB at 1.1 MB/s)
[INFO] Downloading from central: https://repo.maven.apache.org/maven2/org/apache/maven/plugins/maven-javadoc-plugin/3.5.0/maven-javadoc-plugin-3.5.0.pom
[INFO] Downloaded from central: https://repo.maven.apache.org/maven2/org/apache/maven/plugins/maven-javadoc-plugin/3.5.0/maven-javadoc-plugin-3.5.0.pom (21 kB at 664 kB/s)
[INFO] Downloading from central: https://repo.maven.apache.org/maven2/org/apache/maven/plugins/maven-plugins/39/maven-plugins-39.pom
[INFO] Downloaded from central: https://repo.maven.apache.org/maven2/org/apache/maven/plugins/maven-plugins/39/maven-plugins-39.pom (8.1 kB at 368 kB/s)
[INFO] Downloading from central: https://repo.maven.apache.org/maven2/org/apache/maven/maven-parent/39/maven-parent-39.pom
[INFO] Downloaded from central: https://repo.maven.apache.org/maven2/org/apache/maven/maven-parent/39/maven-parent-39.pom (48 kB at 1.6 MB/s)
[INFO] Downloading from central: https://repo.maven.apache.org/maven2/org/apache/apache/29/apache-29.pom
[INFO] Downloaded from central: https://repo.maven.apache.org/maven2/org/apache/apache/29/apache-29.pom (21 kB at 797 kB/s)
[INFO] Downloading from central: https://repo.maven.apache.org/maven2/org/apache/maven/plugins/maven-javadoc-plugin/3.5.0/maven-javadoc-plugin-3.5.0.jar
[INFO] Downloaded from central: https://repo.maven.apache.org/maven2/org/apache/maven/plugins/maven-javadoc-plugin/3.5.0/maven-javadoc-plugin-3.5.0.jar (507 kB at 7.0 MB/s)
[INFO] Downloading from central: https://repo.maven.apache.org/maven2/org/apache/maven/plugins/maven-clean-plugin/2.5/maven-clean-plugin-2.5.pom
[INFO] Downloaded from central: https://repo.maven.apache.org/maven2/org/apache/maven/plugins/maven-clean-plugin/2.5/maven-clean-plugin-2.5.pom (3.9 kB at 74 kB/s)
[INFO] Downloading from central: https://repo.maven.apache.org/maven2/org/apache/maven/plugins/maven-plugins/22/maven-plugins-22.pom
[INFO] Downloaded from central: https://repo.maven.apache.org/maven2/org/apache/maven/plugins/maven-plugins/22/maven-plugins-22.pom (13 kB at 543 kB/s)
[INFO] Downloading from central: https://repo.maven.apache.org/maven2/org/apache/maven/maven-parent/21/maven-parent-21.pom
[INFO] Downloaded from central: https://repo.maven.apache.org/maven2/org/apache/maven/maven-parent/21/maven-parent-21.pom (26 kB at 1.1 MB/s)
[INFO] Downloading from central: https://repo.maven.apache.org/maven2/org/apache/apache/10/apache-10.pom
[INFO] Downloaded from central: https://repo.maven.apache.org/maven2/org/apache/apache/10/apache-10.pom (15 kB at 569 kB/s)
[INFO] Downloading from central: https://repo.maven.apache.org/maven2/org/apache/maven/plugins/maven-clean-plugin/2.5/maven-clean-plugin-2.5.jar
[INFO] Downloaded from central: https://repo.maven.apache.org/maven2/org/apache/maven/plugins/maven-clean-plugin/2.5/maven-clean-plugin-2.5.jar (25 kB at 1.0 MB/s)
[INFO] Downloading from central: https://repo.maven.apache.org/maven2/org/apache/maven/plugins/maven-resources-plugin/2.6/maven-resources-plugin-2.6.pom
[INFO] Downloaded from central: https://repo.maven.apache.org/maven2/org/apache/maven/plugins/maven-resources-plugin/2.6/maven-resources-plugin-2.6.pom (8.1 kB at 301 kB/s)
[INFO] Downloading from central: https://repo.maven.apache.org/maven2/org/apache/maven/plugins/maven-plugins/23/maven-plugins-23.pom
[INFO] Downloaded from central: https://repo.maven.apache.org/maven2/org/apache/maven/plugins/maven-plugins/23/maven-plugins-23.pom (9.2 kB at 383 kB/s)
[INFO] Downloading from central: https://repo.maven.apache.org/maven2/org/apache/maven/maven-parent/22/maven-parent-22.pom
[INFO] Downloaded from central: https://repo.maven.apache.org/maven2/org/apache/maven/maven-parent/22/maven-parent-22.pom (30 kB at 1.1 MB/s)
[INFO] Downloading from central: https://repo.maven.apache.org/maven2/org/apache/apache/11/apache-11.pom
[INFO] Downloaded from central: https://repo.maven.apache.org/maven2/org/apache/apache/11/apache-11.pom (15 kB at 529 kB/s)
[INFO] Downloading from central: https://repo.maven.apache.org/maven2/org/apache/maven/plugins/maven-resources-plugin/2.6/maven-resources-plugin-2.6.jar
[INFO] Downloaded from central: https://repo.maven.apache.org/maven2/org/apache/maven/plugins/maven-resources-plugin/2.6/maven-resources-plugin-2.6.jar (30 kB at 1.2 MB/s)
[INFO] Downloading from central: https://repo.maven.apache.org/maven2/org/apache/maven/plugins/maven-compiler-plugin/3.11.0/maven-compiler-plugin-3.11.0.pom
[INFO] Downloaded from central: https://repo.maven.apache.org/maven2/org/apache/maven/plugins/maven-compiler-plugin/3.11.0/maven-compiler-plugin-3.11.0.pom (9.8 kB at 364 kB/s)
[INFO] Downloading from central: https://repo.maven.apache.org/maven2/org/apache/maven/plugins/maven-compiler-plugin/3.11.0/maven-compiler-plugin-3.11.0.jar
[INFO] Downloaded from central: https://repo.maven.apache.org/maven2/org/apache/maven/plugins/maven-compiler-plugin/3.11.0/maven-compiler-plugin-3.11.0.jar (66 kB at 2.1 MB/s)
[INFO] Downloading from central: https://repo.maven.apache.org/maven2/org/apache/maven/plugins/maven-surefire-plugin/2.12.4/maven-surefire-plugin-2.12.4.pom
[INFO] Downloaded from central: https://repo.maven.apache.org/maven2/org/apache/maven/plugins/maven-surefire-plugin/2.12.4/maven-surefire-plugin-2.12.4.pom (10 kB at 361 kB/s)
[INFO] Downloading from central: https://repo.maven.apache.org/maven2/org/apache/maven/surefire/surefire/2.12.4/surefire-2.12.4.pom
[INFO] Downloaded from central: https://repo.maven.apache.org/maven2/org/apache/maven/surefire/surefire/2.12.4/surefire-2.12.4.pom (14 kB at 445 kB/s)
[INFO] Downloading from central: https://repo.maven.apache.org/maven2/org/apache/maven/plugins/maven-surefire-plugin/2.12.4/maven-surefire-plugin-2.12.4.jar
[INFO] Downloaded from central: https://repo.maven.apache.org/maven2/org/apache/maven/plugins/maven-surefire-plugin/2.12.4/maven-surefire-plugin-2.12.4.jar (30 kB at 1.2 MB/s)
[INFO] Downloading from central: https://repo.maven.apache.org/maven2/org/apache/maven/plugins/maven-jar-plugin/2.4/maven-jar-plugin-2.4.pom
[INFO] Downloaded from central: https://repo.maven.apache.org/maven2/org/apache/maven/plugins/maven-jar-plugin/2.4/maven-jar-plugin-2.4.pom (5.8 kB at 201 kB/s)
[INFO] Downloading from central: https://repo.maven.apache.org/maven2/org/apache/maven/plugins/maven-jar-plugin/2.4/maven-jar-plugin-2.4.jar
[INFO] Downloaded from central: https://repo.maven.apache.org/maven2/org/apache/maven/plugins/maven-jar-plugin/2.4/maven-jar-plugin-2.4.jar (34 kB at 1.5 MB/s)
[INFO] Downloading from central: https://repo.maven.apache.org/maven2/org/apache/maven/plugins/maven-shade-plugin/3.4.1/maven-shade-plugin-3.4.1.pom
[INFO] Downloaded from central: https://repo.maven.apache.org/maven2/org/apache/maven/plugins/maven-shade-plugin/3.4.1/maven-shade-plugin-3.4.1.pom (13 kB at 559 kB/s)
[INFO] Downloading from central: https://repo.maven.apache.org/maven2/org/apache/maven/plugins/maven-plugins/37/maven-plugins-37.pom
[INFO] Downloaded from central: https://repo.maven.apache.org/maven2/org/apache/maven/plugins/maven-plugins/37/maven-plugins-37.pom (9.9 kB at 413 kB/s)
[INFO] Downloading from central: https://repo.maven.apache.org/maven2/org/apache/maven/maven-parent/37/maven-parent-37.pom
[INFO] Downloaded from central: https://repo.maven.apache.org/maven2/org/apache/maven/maven-parent/37/maven-parent-37.pom (46 kB at 1.8 MB/s)
[INFO] Downloading from central: https://repo.maven.apache.org/maven2/org/apache/apache/27/apache-27.pom
[INFO] Downloaded from central: https://repo.maven.apache.org/maven2/org/apache/apache/27/apache-27.pom (20 kB at 926 kB/s)
[INFO] Downloading from central: https://repo.maven.apache.org/maven2/org/apache/maven/plugins/maven-shade-plugin/3.4.1/maven-shade-plugin-3.4.1.jar
[INFO] Downloaded from central: https://repo.maven.apache.org/maven2/org/apache/maven/plugins/maven-shade-plugin/3.4.1/maven-shade-plugin-3.4.1.jar (143 kB at 4.3 MB/s)
[INFO] Downloading from everything: https://repo.citizensnpcs.co/net/citizensnpcs/citizensapi/2.0.30-SNAPSHOT/maven-metadata.xml
[INFO] Downloading from spigotmc-repo: https://hub.spigotmc.org/nexus/content/repositories/snapshots/net/citizensnpcs/citizensapi/2.0.30-SNAPSHOT/maven-metadata.xml
[INFO] Downloading from minecraft-repo: https://libraries.minecraft.net/net/citizensnpcs/citizensapi/2.0.30-SNAPSHOT/maven-metadata.xml
[INFO] Downloading from codemc-repo: https://repo.codemc.org/repository/maven-public/net/citizensnpcs/citizensapi/2.0.30-SNAPSHOT/maven-metadata.xml
[INFO] Downloaded from everything: https://repo.citizensnpcs.co/net/citizensnpcs/citizensapi/2.0.30-SNAPSHOT/maven-metadata.xml (999 B at 1.5 kB/s)
[WARNING] Could not transfer metadata net.citizensnpcs:citizensapi:2.0.30-SNAPSHOT/maven-metadata.xml from/to codemc-repo (https://repo.codemc.org/repository/maven-public/): transfer failed for https://repo.codemc.org/repository/maven-public/net/citizensnpcs/citizensapi/2.0.30-SNAPSHOT/maven-metadata.xml
[WARNING] net.citizensnpcs:citizensapi:2.0.30-SNAPSHOT/maven-metadata.xmlfailed to transfer from https://repo.codemc.org/repository/maven-public/ during a previous attempt. This failure was cached in the local repository and resolution will not be reattempted until the update interval of codemc-repo has elapsed or updates are forced. Original error: Could not transfer metadata net.citizensnpcs:citizensapi:2.0.30-SNAPSHOT/maven-metadata.xml from/to codemc-repo (https://repo.codemc.org/repository/maven-public/): transfer failed for https://repo.codemc.org/repository/maven-public/net/citizensnpcs/citizensapi/2.0.30-SNAPSHOT/maven-metadata.xml
[INFO] Downloading from everything: https://repo.citizensnpcs.co/net/citizensnpcs/citizensapi/2.0.30-SNAPSHOT/citizensapi-2.0.30-20230227.140449-82.pom
[INFO] Downloaded from everything: https://repo.citizensnpcs.co/net/citizensnpcs/citizensapi/2.0.30-SNAPSHOT/citizensapi-2.0.30-20230227.140449-82.pom (5.6 kB at 17 kB/s)
[INFO] Downloading from everything: https://repo.citizensnpcs.co/org/spigotmc/spigot-api/1.19.3-R0.1-SNAPSHOT/maven-metadata.xml
[INFO] Downloading from spigotmc-repo: https://hub.spigotmc.org/nexus/content/repositories/snapshots/org/spigotmc/spigot-api/1.19.3-R0.1-SNAPSHOT/maven-metadata.xml
[INFO] Downloading from minecraft-repo: https://libraries.minecraft.net/org/spigotmc/spigot-api/1.19.3-R0.1-SNAPSHOT/maven-metadata.xml
[INFO] Downloading from codemc-repo: https://repo.codemc.org/repository/maven-public/org/spigotmc/spigot-api/1.19.3-R0.1-SNAPSHOT/maven-metadata.xml
[INFO] Downloaded from spigotmc-repo: https://hub.spigotmc.org/nexus/content/repositories/snapshots/org/spigotmc/spigot-api/1.19.3-R0.1-SNAPSHOT/maven-metadata.xml (1.5 kB at 6.3 kB/s)
[WARNING] Could not transfer metadata org.spigotmc:spigot-api:1.19.3-R0.1-SNAPSHOT/maven-metadata.xml from/to codemc-repo (https://repo.codemc.org/repository/maven-public/): transfer failed for https://repo.codemc.org/repository/maven-public/org/spigotmc/spigot-api/1.19.3-R0.1-SNAPSHOT/maven-metadata.xml
[WARNING] org.spigotmc:spigot-api:1.19.3-R0.1-SNAPSHOT/maven-metadata.xmlfailed to transfer from https://repo.codemc.org/repository/maven-public/ during a previous attempt. This failure was cached in the local repository and resolution will not be reattempted until the update interval of codemc-repo has elapsed or updates are forced. Original error: Could not transfer metadata org.spigotmc:spigot-api:1.19.3-R0.1-SNAPSHOT/maven-metadata.xml from/to codemc-repo (https://repo.codemc.org/repository/maven-public/): transfer failed for https://repo.codemc.org/repository/maven-public/org/spigotmc/spigot-api/1.19.3-R0.1-SNAPSHOT/maven-metadata.xml
[INFO] Downloading from everything: https://repo.citizensnpcs.co/org/spigotmc/spigot-api/1.19.3-R0.1-SNAPSHOT/spigot-api-1.19.3-R0.1-20230227.094119-50.pom
[INFO] Downloading from spigotmc-repo: https://hub.spigotmc.org/nexus/content/repositories/snapshots/org/spigotmc/spigot-api/1.19.3-R0.1-SNAPSHOT/spigot-api-1.19.3-R0.1-20230227.094119-50.pom
[INFO] Downloaded from spigotmc-repo: https://hub.spigotmc.org/nexus/content/repositories/snapshots/org/spigotmc/spigot-api/1.19.3-R0.1-SNAPSHOT/spigot-api-1.19.3-R0.1-20230227.094119-50.pom (10 kB at 43 kB/s)
[INFO] Downloading from everything: https://repo.citizensnpcs.co/com/google/guava/guava/31.1-jre/guava-31.1-jre.pom
[INFO] Downloading from spigotmc-repo: https://hub.spigotmc.org/nexus/content/repositories/snapshots/com/google/guava/guava/31.1-jre/guava-31.1-jre.pom
[INFO] Downloading from minecraft-repo: https://libraries.minecraft.net/com/google/guava/guava/31.1-jre/guava-31.1-jre.pom
[INFO] Downloaded from minecraft-repo: https://libraries.minecraft.net/com/google/guava/guava/31.1-jre/guava-31.1-jre.pom (11 kB at 164 kB/s)
[INFO] Downloading from everything: https://repo.citizensnpcs.co/com/google/guava/guava-parent/31.1-jre/guava-parent-31.1-jre.pom
[INFO] Downloading from spigotmc-repo: https://hub.spigotmc.org/nexus/content/repositories/snapshots/com/google/guava/guava-parent/31.1-jre/guava-parent-31.1-jre.pom
[INFO] Downloading from minecraft-repo: https://libraries.minecraft.net/com/google/guava/guava-parent/31.1-jre/guava-parent-31.1-jre.pom
[INFO] Downloading from codemc-repo: https://repo.codemc.org/repository/maven-public/com/google/guava/guava-parent/31.1-jre/guava-parent-31.1-jre.pom
[INFO] Downloading from central: https://repo.maven.apache.org/maven2/com/google/guava/guava-parent/31.1-jre/guava-parent-31.1-jre.pom
[INFO] Downloaded from central: https://repo.maven.apache.org/maven2/com/google/guava/guava-parent/31.1-jre/guava-parent-31.1-jre.pom (15 kB at 155 kB/s)
[INFO] Downloading from everything: https://repo.citizensnpcs.co/com/google/guava/failureaccess/1.0.1/failureaccess-1.0.1.pom
[INFO] Downloading from spigotmc-repo: https://hub.spigotmc.org/nexus/content/repositories/snapshots/com/google/guava/failureaccess/1.0.1/failureaccess-1.0.1.pom
[INFO] Downloading from minecraft-repo: https://libraries.minecraft.net/com/google/guava/failureaccess/1.0.1/failureaccess-1.0.1.pom
[INFO] Downloaded from minecraft-repo: https://libraries.minecraft.net/com/google/guava/failureaccess/1.0.1/failureaccess-1.0.1.pom (2.4 kB at 71 kB/s)
[INFO] Downloading from everything: https://repo.citizensnpcs.co/com/google/guava/guava-parent/26.0-android/guava-parent-26.0-android.pom
[INFO] Downloading from spigotmc-repo: https://hub.spigotmc.org/nexus/content/repositories/snapshots/com/google/guava/guava-parent/26.0-android/guava-parent-26.0-android.pom
[INFO] Downloading from minecraft-repo: https://libraries.minecraft.net/com/google/guava/guava-parent/26.0-android/guava-parent-26.0-android.pom
[INFO] Downloading from codemc-repo: https://repo.codemc.org/repository/maven-public/com/google/guava/guava-parent/26.0-android/guava-parent-26.0-android.pom
[INFO] Downloading from central: https://repo.maven.apache.org/maven2/com/google/guava/guava-parent/26.0-android/guava-parent-26.0-android.pom
[INFO] Downloaded from central: https://repo.maven.apache.org/maven2/com/google/guava/guava-parent/26.0-android/guava-parent-26.0-android.pom (10 kB at 424 kB/s)
[INFO] Downloading from everything: https://repo.citizensnpcs.co/org/sonatype/oss/oss-parent/9/oss-parent-9.pom
[INFO] Downloading from spigotmc-repo: https://hub.spigotmc.org/nexus/content/repositories/snapshots/org/sonatype/oss/oss-parent/9/oss-parent-9.pom
[INFO] Downloading from minecraft-repo: https://libraries.minecraft.net/org/sonatype/oss/oss-parent/9/oss-parent-9.pom
[INFO] Downloading from codemc-repo: https://repo.codemc.org/repository/maven-public/org/sonatype/oss/oss-parent/9/oss-parent-9.pom
[INFO] Downloading from central: https://repo.maven.apache.org/maven2/org/sonatype/oss/oss-parent/9/oss-parent-9.pom
[INFO] Downloaded from central: https://repo.maven.apache.org/maven2/org/sonatype/oss/oss-parent/9/oss-parent-9.pom (6.6 kB at 313 kB/s)
[INFO] Downloading from everything: https://repo.citizensnpcs.co/com/google/guava/listenablefuture/9999.0-empty-to-avoid-conflict-with-guava/listenablefuture-9999.0-empty-to-avoid-conflict-with-guava.pom
[INFO] Downloading from spigotmc-repo: https://hub.spigotmc.org/nexus/content/repositories/snapshots/com/google/guava/listenablefuture/9999.0-empty-to-avoid-conflict-with-guava/listenablefuture-9999.0-empty-to-avoid-conflict-with-guava.pom
[INFO] Downloading from minecraft-repo: https://libraries.minecraft.net/com/google/guava/listenablefuture/9999.0-empty-to-avoid-conflict-with-guava/listenablefuture-9999.0-empty-to-avoid-conflict-with-guava.pom
[INFO] Downloaded from minecraft-repo: https://libraries.minecraft.net/com/google/guava/listenablefuture/9999.0-empty-to-avoid-conflict-with-guava/listenablefuture-9999.0-empty-to-avoid-conflict-with-guava.pom (2.3 kB at 95 kB/s)
[INFO] Downloading from everything: https://repo.citizensnpcs.co/com/google/code/findbugs/jsr305/3.0.2/jsr305-3.0.2.pom
[INFO] Downloading from spigotmc-repo: https://hub.spigotmc.org/nexus/content/repositories/snapshots/com/google/code/findbugs/jsr305/3.0.2/jsr305-3.0.2.pom
[INFO] Downloading from minecraft-repo: https://libraries.minecraft.net/com/google/code/findbugs/jsr305/3.0.2/jsr305-3.0.2.pom
[INFO] Downloaded from minecraft-repo: https://libraries.minecraft.net/com/google/code/findbugs/jsr305/3.0.2/jsr305-3.0.2.pom (4.3 kB at 89 kB/s)
[INFO] Downloading from everything: https://repo.citizensnpcs.co/org/sonatype/oss/oss-parent/7/oss-parent-7.pom
[INFO] Downloading from spigotmc-repo: https://hub.spigotmc.org/nexus/content/repositories/snapshots/org/sonatype/oss/oss-parent/7/oss-parent-7.pom
[INFO] Downloading from minecraft-repo: https://libraries.minecraft.net/org/sonatype/oss/oss-parent/7/oss-parent-7.pom
[INFO] Downloading from codemc-repo: https://repo.codemc.org/repository/maven-public/org/sonatype/oss/oss-parent/7/oss-parent-7.pom
[INFO] Downloading from central: https://repo.maven.apache.org/maven2/org/sonatype/oss/oss-parent/7/oss-parent-7.pom
[INFO] Downloaded from central: https://repo.maven.apache.org/maven2/org/sonatype/oss/oss-parent/7/oss-parent-7.pom (4.8 kB at 100 kB/s)
[INFO] Downloading from everything: https://repo.citizensnpcs.co/org/checkerframework/checker-qual/3.12.0/checker-qual-3.12.0.pom
[INFO] Downloading from spigotmc-repo: https://hub.spigotmc.org/nexus/content/repositories/snapshots/org/checkerframework/checker-qual/3.12.0/checker-qual-3.12.0.pom
[INFO] Downloading from minecraft-repo: https://libraries.minecraft.net/org/checkerframework/checker-qual/3.12.0/checker-qual-3.12.0.pom
[INFO] Downloaded from minecraft-repo: https://libraries.minecraft.net/org/checkerframework/checker-qual/3.12.0/checker-qual-3.12.0.pom (2.1 kB at 31 kB/s)
[INFO] Downloading from everything: https://repo.citizensnpcs.co/com/google/errorprone/error_prone_annotations/2.11.0/error_prone_annotations-2.11.0.pom
[INFO] Downloading from spigotmc-repo: https://hub.spigotmc.org/nexus/content/repositories/snapshots/com/google/errorprone/error_prone_annotations/2.11.0/error_prone_annotations-2.11.0.pom
[INFO] Downloading from minecraft-repo: https://libraries.minecraft.net/com/google/errorprone/error_prone_annotations/2.11.0/error_prone_annotations-2.11.0.pom
[INFO] Downloaded from minecraft-repo: https://libraries.minecraft.net/com/google/errorprone/error_prone_annotations/2.11.0/error_prone_annotations-2.11.0.pom (2.2 kB at 13 kB/s)
[INFO] Downloading from everything: https://repo.citizensnpcs.co/com/google/errorprone/error_prone_parent/2.11.0/error_prone_parent-2.11.0.pom
[INFO] Downloading from spigotmc-repo: https://hub.spigotmc.org/nexus/content/repositories/snapshots/com/google/errorprone/error_prone_parent/2.11.0/error_prone_parent-2.11.0.pom
[INFO] Downloading from minecraft-repo: https://libraries.minecraft.net/com/google/errorprone/error_prone_parent/2.11.0/error_prone_parent-2.11.0.pom
[INFO] Downloading from codemc-repo: https://repo.codemc.org/repository/maven-public/com/google/errorprone/error_prone_parent/2.11.0/error_prone_parent-2.11.0.pom
[INFO] Downloading from central: https://repo.maven.apache.org/maven2/com/google/errorprone/error_prone_parent/2.11.0/error_prone_parent-2.11.0.pom
[INFO] Downloaded from central: https://repo.maven.apache.org/maven2/com/google/errorprone/error_prone_parent/2.11.0/error_prone_parent-2.11.0.pom (11 kB at 488 kB/s)
[INFO] Downloading from everything: https://repo.citizensnpcs.co/com/google/j2objc/j2objc-annotations/1.3/j2objc-annotations-1.3.pom
[INFO] Downloading from spigotmc-repo: https://hub.spigotmc.org/nexus/content/repositories/snapshots/com/google/j2objc/j2objc-annotations/1.3/j2objc-annotations-1.3.pom
[INFO] Downloading from minecraft-repo: https://libraries.minecraft.net/com/google/j2objc/j2objc-annotations/1.3/j2objc-annotations-1.3.pom
[INFO] Downloaded from minecraft-repo: https://libraries.minecraft.net/com/google/j2objc/j2objc-annotations/1.3/j2objc-annotations-1.3.pom (2.8 kB at 46 kB/s)
[INFO] Downloading from everything: https://repo.citizensnpcs.co/com/google/code/gson/gson/2.10/gson-2.10.pom
[INFO] Downloading from spigotmc-repo: https://hub.spigotmc.org/nexus/content/repositories/snapshots/com/google/code/gson/gson/2.10/gson-2.10.pom
[INFO] Downloading from minecraft-repo: https://libraries.minecraft.net/com/google/code/gson/gson/2.10/gson-2.10.pom
[INFO] Downloaded from minecraft-repo: https://libraries.minecraft.net/com/google/code/gson/gson/2.10/gson-2.10.pom (9.4 kB at 851 kB/s)
[INFO] Downloading from everything: https://repo.citizensnpcs.co/com/google/code/gson/gson-parent/2.10/gson-parent-2.10.pom
[INFO] Downloading from spigotmc-repo: https://hub.spigotmc.org/nexus/content/repositories/snapshots/com/google/code/gson/gson-parent/2.10/gson-parent-2.10.pom
[INFO] Downloading from minecraft-repo: https://libraries.minecraft.net/com/google/code/gson/gson-parent/2.10/gson-parent-2.10.pom
[INFO] Downloading from codemc-repo: https://repo.codemc.org/repository/maven-public/com/google/code/gson/gson-parent/2.10/gson-parent-2.10.pom
[INFO] Downloading from central: https://repo.maven.apache.org/maven2/com/google/code/gson/gson-parent/2.10/gson-parent-2.10.pom
[INFO] Downloaded from central: https://repo.maven.apache.org/maven2/com/google/code/gson/gson-parent/2.10/gson-parent-2.10.pom (12 kB at 472 kB/s)
[INFO] Downloading from everything: https://repo.citizensnpcs.co/net/md-5/bungeecord-chat/1.16-R0.4/bungeecord-chat-1.16-R0.4.pom
[INFO] Downloading from spigotmc-repo: https://hub.spigotmc.org/nexus/content/repositories/snapshots/net/md-5/bungeecord-chat/1.16-R0.4/bungeecord-chat-1.16-R0.4.pom
[INFO] Downloading from minecraft-repo: https://libraries.minecraft.net/net/md-5/bungeecord-chat/1.16-R0.4/bungeecord-chat-1.16-R0.4.pom
[INFO] Downloading from codemc-repo: https://repo.codemc.org/repository/maven-public/net/md-5/bungeecord-chat/1.16-R0.4/bungeecord-chat-1.16-R0.4.pom
[INFO] Downloading from central: https://repo.maven.apache.org/maven2/net/md-5/bungeecord-chat/1.16-R0.4/bungeecord-chat-1.16-R0.4.pom
[INFO] Downloaded from central: https://repo.maven.apache.org/maven2/net/md-5/bungeecord-chat/1.16-R0.4/bungeecord-chat-1.16-R0.4.pom (978 B at 13 kB/s)
[INFO] Downloading from everything: https://repo.citizensnpcs.co/net/md-5/bungeecord-parent/1.16-R0.4/bungeecord-parent-1.16-R0.4.pom
[INFO] Downloading from spigotmc-repo: https://hub.spigotmc.org/nexus/content/repositories/snapshots/net/md-5/bungeecord-parent/1.16-R0.4/bungeecord-parent-1.16-R0.4.pom
[INFO] Downloading from minecraft-repo: https://libraries.minecraft.net/net/md-5/bungeecord-parent/1.16-R0.4/bungeecord-parent-1.16-R0.4.pom
[INFO] Downloading from codemc-repo: https://repo.codemc.org/repository/maven-public/net/md-5/bungeecord-parent/1.16-R0.4/bungeecord-parent-1.16-R0.4.pom
[INFO] Downloading from central: https://repo.maven.apache.org/maven2/net/md-5/bungeecord-parent/1.16-R0.4/bungeecord-parent-1.16-R0.4.pom
[INFO] Downloaded from central: https://repo.maven.apache.org/maven2/net/md-5/bungeecord-parent/1.16-R0.4/bungeecord-parent-1.16-R0.4.pom (10 kB at 430 kB/s)
[INFO] Downloading from everything: https://repo.citizensnpcs.co/com/google/code/gson/gson/2.8.0/gson-2.8.0.pom
[INFO] Downloading from spigotmc-repo: https://hub.spigotmc.org/nexus/content/repositories/snapshots/com/google/code/gson/gson/2.8.0/gson-2.8.0.pom
[INFO] Downloading from minecraft-repo: https://libraries.minecraft.net/com/google/code/gson/gson/2.8.0/gson-2.8.0.pom
[INFO] Downloaded from minecraft-repo: https://libraries.minecraft.net/com/google/code/gson/gson/2.8.0/gson-2.8.0.pom (1.4 kB at 23 kB/s)
[INFO] Downloading from everything: https://repo.citizensnpcs.co/com/google/code/gson/gson-parent/2.8.0/gson-parent-2.8.0.pom
[INFO] Downloading from spigotmc-repo: https://hub.spigotmc.org/nexus/content/repositories/snapshots/com/google/code/gson/gson-parent/2.8.0/gson-parent-2.8.0.pom
[INFO] Downloading from minecraft-repo: https://libraries.minecraft.net/com/google/code/gson/gson-parent/2.8.0/gson-parent-2.8.0.pom
[INFO] Downloading from codemc-repo: https://repo.codemc.org/repository/maven-public/com/google/code/gson/gson-parent/2.8.0/gson-parent-2.8.0.pom
[INFO] Downloading from central: https://repo.maven.apache.org/maven2/com/google/code/gson/gson-parent/2.8.0/gson-parent-2.8.0.pom
[INFO] Downloaded from central: https://repo.maven.apache.org/maven2/com/google/code/gson/gson-parent/2.8.0/gson-parent-2.8.0.pom (3.5 kB at 139 kB/s)
[INFO] Downloading from everything: https://repo.citizensnpcs.co/com/google/guava/guava/21.0/guava-21.0.pom
[INFO] Downloading from spigotmc-repo: https://hub.spigotmc.org/nexus/content/repositories/snapshots/com/google/guava/guava/21.0/guava-21.0.pom
[INFO] Downloading from minecraft-repo: https://libraries.minecraft.net/com/google/guava/guava/21.0/guava-21.0.pom
[INFO] Downloaded from minecraft-repo: https://libraries.minecraft.net/com/google/guava/guava/21.0/guava-21.0.pom (7.0 kB at 242 kB/s)
[INFO] Downloading from everything: https://repo.citizensnpcs.co/com/google/guava/guava-parent/21.0/guava-parent-21.0.pom
[INFO] Downloading from spigotmc-repo: https://hub.spigotmc.org/nexus/content/repositories/snapshots/com/google/guava/guava-parent/21.0/guava-parent-21.0.pom
[INFO] Downloading from minecraft-repo: https://libraries.minecraft.net/com/google/guava/guava-parent/21.0/guava-parent-21.0.pom
[INFO] Downloading from codemc-repo: https://repo.codemc.org/repository/maven-public/com/google/guava/guava-parent/21.0/guava-parent-21.0.pom
[INFO] Downloading from central: https://repo.maven.apache.org/maven2/com/google/guava/guava-parent/21.0/guava-parent-21.0.pom
[INFO] Downloaded from central: https://repo.maven.apache.org/maven2/com/google/guava/guava-parent/21.0/guava-parent-21.0.pom (9.7 kB at 176 kB/s)
[INFO] Downloading from everything: https://repo.citizensnpcs.co/org/yaml/snakeyaml/1.33/snakeyaml-1.33.pom
[INFO] Downloading from spigotmc-repo: https://hub.spigotmc.org/nexus/content/repositories/snapshots/org/yaml/snakeyaml/1.33/snakeyaml-1.33.pom
[INFO] Downloading from minecraft-repo: https://libraries.minecraft.net/org/yaml/snakeyaml/1.33/snakeyaml-1.33.pom
[INFO] Downloading from codemc-repo: https://repo.codemc.org/repository/maven-public/org/yaml/snakeyaml/1.33/snakeyaml-1.33.pom
[INFO] Downloading from central: https://repo.maven.apache.org/maven2/org/yaml/snakeyaml/1.33/snakeyaml-1.33.pom
[INFO] Downloaded from central: https://repo.maven.apache.org/maven2/org/yaml/snakeyaml/1.33/snakeyaml-1.33.pom (39 kB at 1.5 MB/s)
[INFO] Downloading from everything: https://repo.citizensnpcs.co/com/mojang/authlib/3.16.29/authlib-3.16.29.pom
[INFO] Downloading from spigotmc-repo: https://hub.spigotmc.org/nexus/content/repositories/snapshots/com/mojang/authlib/3.16.29/authlib-3.16.29.pom
[INFO] Downloading from minecraft-repo: https://libraries.minecraft.net/com/mojang/authlib/3.16.29/authlib-3.16.29.pom
[INFO] Downloaded from minecraft-repo: https://libraries.minecraft.net/com/mojang/authlib/3.16.29/authlib-3.16.29.pom (1.9 kB at 89 kB/s)
[INFO] Downloading from everything: https://repo.citizensnpcs.co/commons-io/commons-io/2.11.0/commons-io-2.11.0.pom
[INFO] Downloading from spigotmc-repo: https://hub.spigotmc.org/nexus/content/repositories/snapshots/commons-io/commons-io/2.11.0/commons-io-2.11.0.pom
[INFO] Downloading from minecraft-repo: https://libraries.minecraft.net/commons-io/commons-io/2.11.0/commons-io-2.11.0.pom
[INFO] Downloaded from minecraft-repo: https://libraries.minecraft.net/commons-io/commons-io/2.11.0/commons-io-2.11.0.pom (20 kB at 1.6 MB/s)
[INFO] Downloading from everything: https://repo.citizensnpcs.co/org/apache/commons/commons-parent/52/commons-parent-52.pom
[INFO] Downloading from spigotmc-repo: https://hub.spigotmc.org/nexus/content/repositories/snapshots/org/apache/commons/commons-parent/52/commons-parent-52.pom
[INFO] Downloading from minecraft-repo: https://libraries.minecraft.net/org/apache/commons/commons-parent/52/commons-parent-52.pom
[INFO] Downloading from codemc-repo: https://repo.codemc.org/repository/maven-public/org/apache/commons/commons-parent/52/commons-parent-52.pom
[INFO] Downloading from central: https://repo.maven.apache.org/maven2/org/apache/commons/commons-parent/52/commons-parent-52.pom
[INFO] Downloaded from central: https://repo.maven.apache.org/maven2/org/apache/commons/commons-parent/52/commons-parent-52.pom (79 kB at 2.6 MB/s)
[INFO] Downloading from everything: https://repo.citizensnpcs.co/org/apache/apache/23/apache-23.pom
[INFO] Downloading from spigotmc-repo: https://hub.spigotmc.org/nexus/content/repositories/snapshots/org/apache/apache/23/apache-23.pom
[INFO] Downloading from minecraft-repo: https://libraries.minecraft.net/org/apache/apache/23/apache-23.pom
[INFO] Downloading from codemc-repo: https://repo.codemc.org/repository/maven-public/org/apache/apache/23/apache-23.pom
[INFO] Downloading from central: https://repo.maven.apache.org/maven2/org/apache/apache/23/apache-23.pom
[INFO] Downloaded from central: https://repo.maven.apache.org/maven2/org/apache/apache/23/apache-23.pom (18 kB at 361 kB/s)
[INFO] Downloading from everything: https://repo.citizensnpcs.co/org/junit/junit-bom/5.7.2/junit-bom-5.7.2.pom
[INFO] Downloading from spigotmc-repo: https://hub.spigotmc.org/nexus/content/repositories/snapshots/org/junit/junit-bom/5.7.2/junit-bom-5.7.2.pom
[INFO] Downloading from minecraft-repo: https://libraries.minecraft.net/org/junit/junit-bom/5.7.2/junit-bom-5.7.2.pom
[INFO] Downloading from codemc-repo: https://repo.codemc.org/repository/maven-public/org/junit/junit-bom/5.7.2/junit-bom-5.7.2.pom
[INFO] Downloading from central: https://repo.maven.apache.org/maven2/org/junit/junit-bom/5.7.2/junit-bom-5.7.2.pom
[INFO] Downloaded from central: https://repo.maven.apache.org/maven2/org/junit/junit-bom/5.7.2/junit-bom-5.7.2.pom (5.1 kB at 212 kB/s)
[INFO] Downloading from everything: https://repo.citizensnpcs.co/com/google/code/gson/gson/2.9.1/gson-2.9.1.pom
[INFO] Downloading from spigotmc-repo: https://hub.spigotmc.org/nexus/content/repositories/snapshots/com/google/code/gson/gson/2.9.1/gson-2.9.1.pom
[INFO] Downloading from minecraft-repo: https://libraries.minecraft.net/com/google/code/gson/gson/2.9.1/gson-2.9.1.pom
[INFO] Downloaded from minecraft-repo: https://libraries.minecraft.net/com/google/code/gson/gson/2.9.1/gson-2.9.1.pom (8.2 kB at 119 kB/s)
[INFO] Downloading from everything: https://repo.citizensnpcs.co/com/google/code/gson/gson-parent/2.9.1/gson-parent-2.9.1.pom
[INFO] Downloading from spigotmc-repo: https://hub.spigotmc.org/nexus/content/repositories/snapshots/com/google/code/gson/gson-parent/2.9.1/gson-parent-2.9.1.pom
[INFO] Downloading from minecraft-repo: https://libraries.minecraft.net/com/google/code/gson/gson-parent/2.9.1/gson-parent-2.9.1.pom
[INFO] Downloading from codemc-repo: https://repo.codemc.org/repository/maven-public/com/google/code/gson/gson-parent/2.9.1/gson-parent-2.9.1.pom
[INFO] Downloading from central: https://repo.maven.apache.org/maven2/com/google/code/gson/gson-parent/2.9.1/gson-parent-2.9.1.pom
[INFO] Downloaded from central: https://repo.maven.apache.org/maven2/com/google/code/gson/gson-parent/2.9.1/gson-parent-2.9.1.pom (4.5 kB at 187 kB/s)
[INFO] Downloading from everything: https://repo.citizensnpcs.co/org/apache/commons/commons-lang3/3.12.0/commons-lang3-3.12.0.pom
[INFO] Downloading from spigotmc-repo: https://hub.spigotmc.org/nexus/content/repositories/snapshots/org/apache/commons/commons-lang3/3.12.0/commons-lang3-3.12.0.pom
[INFO] Downloading from minecraft-repo: https://libraries.minecraft.net/org/apache/commons/commons-lang3/3.12.0/commons-lang3-3.12.0.pom
[INFO] Downloaded from minecraft-repo: https://libraries.minecraft.net/org/apache/commons/commons-lang3/3.12.0/commons-lang3-3.12.0.pom (31 kB at 520 kB/s)
[INFO] Downloading from everything: https://repo.citizensnpcs.co/org/junit/junit-bom/5.7.1/junit-bom-5.7.1.pom
[INFO] Downloading from spigotmc-repo: https://hub.spigotmc.org/nexus/content/repositories/snapshots/org/junit/junit-bom/5.7.1/junit-bom-5.7.1.pom
[INFO] Downloading from minecraft-repo: https://libraries.minecraft.net/org/junit/junit-bom/5.7.1/junit-bom-5.7.1.pom
[INFO] Downloading from codemc-repo: https://repo.codemc.org/repository/maven-public/org/junit/junit-bom/5.7.1/junit-bom-5.7.1.pom
[INFO] Downloading from central: https://repo.maven.apache.org/maven2/org/junit/junit-bom/5.7.1/junit-bom-5.7.1.pom
[INFO] Downloaded from central: https://repo.maven.apache.org/maven2/org/junit/junit-bom/5.7.1/junit-bom-5.7.1.pom (5.1 kB at 100 kB/s)
[INFO] Downloading from everything: https://repo.citizensnpcs.co/com/google/guava/guava/31.0.1-jre/guava-31.0.1-jre.pom
[INFO] Downloading from spigotmc-repo: https://hub.spigotmc.org/nexus/content/repositories/snapshots/com/google/guava/guava/31.0.1-jre/guava-31.0.1-jre.pom
[INFO] Downloading from minecraft-repo: https://libraries.minecraft.net/com/google/guava/guava/31.0.1-jre/guava-31.0.1-jre.pom
[INFO] Downloaded from minecraft-repo: https://libraries.minecraft.net/com/google/guava/guava/31.0.1-jre/guava-31.0.1-jre.pom (11 kB at 255 kB/s)
[INFO] Downloading from everything: https://repo.citizensnpcs.co/com/google/guava/guava-parent/31.0.1-jre/guava-parent-31.0.1-jre.pom
[INFO] Downloading from spigotmc-repo: https://hub.spigotmc.org/nexus/content/repositories/snapshots/com/google/guava/guava-parent/31.0.1-jre/guava-parent-31.0.1-jre.pom
[INFO] Downloading from minecraft-repo: https://libraries.minecraft.net/com/google/guava/guava-parent/31.0.1-jre/guava-parent-31.0.1-jre.pom
[INFO] Downloading from codemc-repo: https://repo.codemc.org/repository/maven-public/com/google/guava/guava-parent/31.0.1-jre/guava-parent-31.0.1-jre.pom
[INFO] Downloading from central: https://repo.maven.apache.org/maven2/com/google/guava/guava-parent/31.0.1-jre/guava-parent-31.0.1-jre.pom
[INFO] Downloaded from central: https://repo.maven.apache.org/maven2/com/google/guava/guava-parent/31.0.1-jre/guava-parent-31.0.1-jre.pom (14 kB at 553 kB/s)
[INFO] Downloading from everything: https://repo.citizensnpcs.co/com/google/errorprone/error_prone_annotations/2.7.1/error_prone_annotations-2.7.1.pom
[INFO] Downloading from spigotmc-repo: https://hub.spigotmc.org/nexus/content/repositories/snapshots/com/google/errorprone/error_prone_annotations/2.7.1/error_prone_annotations-2.7.1.pom
[INFO] Downloading from minecraft-repo: https://libraries.minecraft.net/com/google/errorprone/error_prone_annotations/2.7.1/error_prone_annotations-2.7.1.pom
[INFO] Downloaded from minecraft-repo: https://libraries.minecraft.net/com/google/errorprone/error_prone_annotations/2.7.1/error_prone_annotations-2.7.1.pom (2.1 kB at 12 kB/s)
[INFO] Downloading from everything: https://repo.citizensnpcs.co/com/google/errorprone/error_prone_parent/2.7.1/error_prone_parent-2.7.1.pom
[INFO] Downloading from spigotmc-repo: https://hub.spigotmc.org/nexus/content/repositories/snapshots/com/google/errorprone/error_prone_parent/2.7.1/error_prone_parent-2.7.1.pom
[INFO] Downloading from minecraft-repo: https://libraries.minecraft.net/com/google/errorprone/error_prone_parent/2.7.1/error_prone_parent-2.7.1.pom
[INFO] Downloading from codemc-repo: https://repo.codemc.org/repository/maven-public/com/google/errorprone/error_prone_parent/2.7.1/error_prone_parent-2.7.1.pom
[INFO] Downloading from central: https://repo.maven.apache.org/maven2/com/google/errorprone/error_prone_parent/2.7.1/error_prone_parent-2.7.1.pom
[INFO] Downloaded from central: https://repo.maven.apache.org/maven2/com/google/errorprone/error_prone_parent/2.7.1/error_prone_parent-2.7.1.pom (7.0 kB at 303 kB/s)
[INFO] Downloading from everything: https://repo.citizensnpcs.co/org/slf4j/slf4j-api/1.8.0-beta4/slf4j-api-1.8.0-beta4.pom
[INFO] Downloading from spigotmc-repo: https://hub.spigotmc.org/nexus/content/repositories/snapshots/org/slf4j/slf4j-api/1.8.0-beta4/slf4j-api-1.8.0-beta4.pom
[INFO] Downloading from minecraft-repo: https://libraries.minecraft.net/org/slf4j/slf4j-api/1.8.0-beta4/slf4j-api-1.8.0-beta4.pom
[INFO] Downloaded from minecraft-repo: https://libraries.minecraft.net/org/slf4j/slf4j-api/1.8.0-beta4/slf4j-api-1.8.0-beta4.pom (1.7 kB at 69 kB/s)
[INFO] Downloading from everything: https://repo.citizensnpcs.co/org/slf4j/slf4j-parent/1.8.0-beta4/slf4j-parent-1.8.0-beta4.pom
[INFO] Downloading from spigotmc-repo: https://hub.spigotmc.org/nexus/content/repositories/snapshots/org/slf4j/slf4j-parent/1.8.0-beta4/slf4j-parent-1.8.0-beta4.pom
[INFO] Downloading from minecraft-repo: https://libraries.minecraft.net/org/slf4j/slf4j-parent/1.8.0-beta4/slf4j-parent-1.8.0-beta4.pom
[INFO] Downloading from codemc-repo: https://repo.codemc.org/repository/maven-public/org/slf4j/slf4j-parent/1.8.0-beta4/slf4j-parent-1.8.0-beta4.pom
[INFO] Downloading from central: https://repo.maven.apache.org/maven2/org/slf4j/slf4j-parent/1.8.0-beta4/slf4j-parent-1.8.0-beta4.pom
[INFO] Downloaded from central: https://repo.maven.apache.org/maven2/org/slf4j/slf4j-parent/1.8.0-beta4/slf4j-parent-1.8.0-beta4.pom (17 kB at 377 kB/s)
[INFO] Downloading from everything: https://repo.citizensnpcs.co/de/tr7zw/item-nbt-api/2.11.1/item-nbt-api-2.11.1.pom
[INFO] Downloading from spigotmc-repo: https://hub.spigotmc.org/nexus/content/repositories/snapshots/de/tr7zw/item-nbt-api/2.11.1/item-nbt-api-2.11.1.pom
[INFO] Downloading from minecraft-repo: https://libraries.minecraft.net/de/tr7zw/item-nbt-api/2.11.1/item-nbt-api-2.11.1.pom
[INFO] Downloading from codemc-repo: https://repo.codemc.org/repository/maven-public/de/tr7zw/item-nbt-api/2.11.1/item-nbt-api-2.11.1.pom
[INFO] Downloading from central: https://repo.maven.apache.org/maven2/de/tr7zw/item-nbt-api/2.11.1/item-nbt-api-2.11.1.pom
[INFO] Downloading from everything: https://repo.citizensnpcs.co/org/xerial/sqlite-jdbc/3.41.0.0/sqlite-jdbc-3.41.0.0.pom
[INFO] Downloading from spigotmc-repo: https://hub.spigotmc.org/nexus/content/repositories/snapshots/org/xerial/sqlite-jdbc/3.41.0.0/sqlite-jdbc-3.41.0.0.pom
[INFO] Downloading from minecraft-repo: https://libraries.minecraft.net/org/xerial/sqlite-jdbc/3.41.0.0/sqlite-jdbc-3.41.0.0.pom
[INFO] Downloading from codemc-repo: https://repo.codemc.org/repository/maven-public/org/xerial/sqlite-jdbc/3.41.0.0/sqlite-jdbc-3.41.0.0.pom
[INFO] Downloading from central: https://repo.maven.apache.org/maven2/org/xerial/sqlite-jdbc/3.41.0.0/sqlite-jdbc-3.41.0.0.pom
[INFO] Downloaded from central: https://repo.maven.apache.org/maven2/org/xerial/sqlite-jdbc/3.41.0.0/sqlite-jdbc-3.41.0.0.pom (17 kB at 722 kB/s)
[INFO] ------------------------------------------------------------------------
[INFO] BUILD FAILURE
[INFO] ------------------------------------------------------------------------
[INFO] Total time:  50:14 min
[INFO] Finished at: 2023-02-28T16:42:21Z
[INFO] ------------------------------------------------------------------------
[ERROR] Failed to execute goal on project ndailyrewards: Could not resolve dependencies for project gq.bxteam:ndailyrewards:jar:DEV - 17 (git daeed8d2): Failed to collect dependencies at de.tr7zw:item-nbt-api:jar:2.11.1: Failed to read artifact descriptor for de.tr7zw:item-nbt-api:jar:2.11.1: Could not transfer artifact de.tr7zw:item-nbt-api:pom:2.11.1 from/to codemc-repo (https://repo.codemc.org/repository/maven-public/): transfer failed for https://repo.codemc.org/repository/maven-public/de/tr7zw/item-nbt-api/2.11.1/item-nbt-api-2.11.1.pom: Connect to repo.codemc.org:443 [repo.codemc.org/45.141.57.117] failed: Connection timed out -> [Help 1]
[ERROR] 
[ERROR] To see the full stack trace of the errors, re-run Maven with the -e switch.
[ERROR] Re-run Maven using the -X switch to enable full debug logging.
[ERROR] 
[ERROR] For more information about the errors and possible solutions, please read the following articles:
[ERROR] [Help 1] http://cwiki.apache.org/confluence/display/MAVEN/DependencyResolutionException
