[INFO] Scanning for projects...
[INFO] 
[INFO] ----------------------< gq.bxteam:ndailyrewards >-----------------------
[INFO] Building NDailyRewards DEV - 7 (git 45a97ffc)
[INFO] --------------------------------[ jar ]---------------------------------
[INFO] Downloading from central: https://repo.maven.apache.org/maven2/org/apache/maven/plugins/maven-source-plugin/3.2.1/maven-source-plugin-3.2.1.pom
[INFO] Downloaded from central: https://repo.maven.apache.org/maven2/org/apache/maven/plugins/maven-source-plugin/3.2.1/maven-source-plugin-3.2.1.pom (6.9 kB at 22 kB/s)
[INFO] Downloading from central: https://repo.maven.apache.org/maven2/org/apache/maven/plugins/maven-plugins/33/maven-plugins-33.pom
[INFO] Downloaded from central: https://repo.maven.apache.org/maven2/org/apache/maven/plugins/maven-plugins/33/maven-plugins-33.pom (11 kB at 281 kB/s)
[INFO] Downloading from central: https://repo.maven.apache.org/maven2/org/apache/maven/maven-parent/33/maven-parent-33.pom
[INFO] Downloaded from central: https://repo.maven.apache.org/maven2/org/apache/maven/maven-parent/33/maven-parent-33.pom (44 kB at 939 kB/s)
[INFO] Downloading from central: https://repo.maven.apache.org/maven2/org/apache/apache/21/apache-21.pom
[INFO] Downloaded from central: https://repo.maven.apache.org/maven2/org/apache/apache/21/apache-21.pom (17 kB at 475 kB/s)
[INFO] Downloading from central: https://repo.maven.apache.org/maven2/org/apache/maven/plugins/maven-source-plugin/3.2.1/maven-source-plugin-3.2.1.jar
[INFO] Downloaded from central: https://repo.maven.apache.org/maven2/org/apache/maven/plugins/maven-source-plugin/3.2.1/maven-source-plugin-3.2.1.jar (32 kB at 946 kB/s)
[INFO] Downloading from central: https://repo.maven.apache.org/maven2/org/apache/maven/plugins/maven-javadoc-plugin/3.4.1/maven-javadoc-plugin-3.4.1.pom
[INFO] Downloaded from central: https://repo.maven.apache.org/maven2/org/apache/maven/plugins/maven-javadoc-plugin/3.4.1/maven-javadoc-plugin-3.4.1.pom (21 kB at 648 kB/s)
[INFO] Downloading from central: https://repo.maven.apache.org/maven2/org/apache/maven/plugins/maven-plugins/34/maven-plugins-34.pom
[INFO] Downloaded from central: https://repo.maven.apache.org/maven2/org/apache/maven/plugins/maven-plugins/34/maven-plugins-34.pom (11 kB at 334 kB/s)
[INFO] Downloading from central: https://repo.maven.apache.org/maven2/org/apache/maven/maven-parent/34/maven-parent-34.pom
[INFO] Downloaded from central: https://repo.maven.apache.org/maven2/org/apache/maven/maven-parent/34/maven-parent-34.pom (43 kB at 1.3 MB/s)
[INFO] Downloading from central: https://repo.maven.apache.org/maven2/org/apache/apache/23/apache-23.pom
[INFO] Downloaded from central: https://repo.maven.apache.org/maven2/org/apache/apache/23/apache-23.pom (18 kB at 576 kB/s)
[INFO] Downloading from central: https://repo.maven.apache.org/maven2/org/apache/maven/plugins/maven-javadoc-plugin/3.4.1/maven-javadoc-plugin-3.4.1.jar
[INFO] Downloaded from central: https://repo.maven.apache.org/maven2/org/apache/maven/plugins/maven-javadoc-plugin/3.4.1/maven-javadoc-plugin-3.4.1.jar (523 kB at 7.0 MB/s)
[INFO] Downloading from central: https://repo.maven.apache.org/maven2/org/apache/maven/plugins/maven-clean-plugin/2.5/maven-clean-plugin-2.5.pom
[INFO] Downloaded from central: https://repo.maven.apache.org/maven2/org/apache/maven/plugins/maven-clean-plugin/2.5/maven-clean-plugin-2.5.pom (3.9 kB at 109 kB/s)
[INFO] Downloading from central: https://repo.maven.apache.org/maven2/org/apache/maven/plugins/maven-plugins/22/maven-plugins-22.pom
[INFO] Downloaded from central: https://repo.maven.apache.org/maven2/org/apache/maven/plugins/maven-plugins/22/maven-plugins-22.pom (13 kB at 334 kB/s)
[INFO] Downloading from central: https://repo.maven.apache.org/maven2/org/apache/maven/maven-parent/21/maven-parent-21.pom
[INFO] Downloaded from central: https://repo.maven.apache.org/maven2/org/apache/maven/maven-parent/21/maven-parent-21.pom (26 kB at 799 kB/s)
[INFO] Downloading from central: https://repo.maven.apache.org/maven2/org/apache/apache/10/apache-10.pom
[INFO] Downloaded from central: https://repo.maven.apache.org/maven2/org/apache/apache/10/apache-10.pom (15 kB at 448 kB/s)
[INFO] Downloading from central: https://repo.maven.apache.org/maven2/org/apache/maven/plugins/maven-clean-plugin/2.5/maven-clean-plugin-2.5.jar
[INFO] Downloaded from central: https://repo.maven.apache.org/maven2/org/apache/maven/plugins/maven-clean-plugin/2.5/maven-clean-plugin-2.5.jar (25 kB at 770 kB/s)
[INFO] Downloading from central: https://repo.maven.apache.org/maven2/org/apache/maven/plugins/maven-resources-plugin/2.6/maven-resources-plugin-2.6.pom
[INFO] Downloaded from central: https://repo.maven.apache.org/maven2/org/apache/maven/plugins/maven-resources-plugin/2.6/maven-resources-plugin-2.6.pom (8.1 kB at 156 kB/s)
[INFO] Downloading from central: https://repo.maven.apache.org/maven2/org/apache/maven/plugins/maven-plugins/23/maven-plugins-23.pom
[INFO] Downloaded from central: https://repo.maven.apache.org/maven2/org/apache/maven/plugins/maven-plugins/23/maven-plugins-23.pom (9.2 kB at 263 kB/s)
[INFO] Downloading from central: https://repo.maven.apache.org/maven2/org/apache/maven/maven-parent/22/maven-parent-22.pom
[INFO] Downloaded from central: https://repo.maven.apache.org/maven2/org/apache/maven/maven-parent/22/maven-parent-22.pom (30 kB at 783 kB/s)
[INFO] Downloading from central: https://repo.maven.apache.org/maven2/org/apache/apache/11/apache-11.pom
[INFO] Downloaded from central: https://repo.maven.apache.org/maven2/org/apache/apache/11/apache-11.pom (15 kB at 436 kB/s)
[INFO] Downloading from central: https://repo.maven.apache.org/maven2/org/apache/maven/plugins/maven-resources-plugin/2.6/maven-resources-plugin-2.6.jar
[INFO] Downloaded from central: https://repo.maven.apache.org/maven2/org/apache/maven/plugins/maven-resources-plugin/2.6/maven-resources-plugin-2.6.jar (30 kB at 820 kB/s)
[INFO] Downloading from central: https://repo.maven.apache.org/maven2/org/apache/maven/plugins/maven-compiler-plugin/3.10.1/maven-compiler-plugin-3.10.1.pom
[INFO] Downloaded from central: https://repo.maven.apache.org/maven2/org/apache/maven/plugins/maven-compiler-plugin/3.10.1/maven-compiler-plugin-3.10.1.pom (13 kB at 360 kB/s)
[INFO] Downloading from central: https://repo.maven.apache.org/maven2/org/apache/maven/plugins/maven-compiler-plugin/3.10.1/maven-compiler-plugin-3.10.1.jar
[INFO] Downloaded from central: https://repo.maven.apache.org/maven2/org/apache/maven/plugins/maven-compiler-plugin/3.10.1/maven-compiler-plugin-3.10.1.jar (62 kB at 1.6 MB/s)
[INFO] Downloading from central: https://repo.maven.apache.org/maven2/org/apache/maven/plugins/maven-surefire-plugin/2.12.4/maven-surefire-plugin-2.12.4.pom
[INFO] Downloaded from central: https://repo.maven.apache.org/maven2/org/apache/maven/plugins/maven-surefire-plugin/2.12.4/maven-surefire-plugin-2.12.4.pom (10 kB at 238 kB/s)
[INFO] Downloading from central: https://repo.maven.apache.org/maven2/org/apache/maven/surefire/surefire/2.12.4/surefire-2.12.4.pom
[INFO] Downloaded from central: https://repo.maven.apache.org/maven2/org/apache/maven/surefire/surefire/2.12.4/surefire-2.12.4.pom (14 kB at 306 kB/s)
[INFO] Downloading from central: https://repo.maven.apache.org/maven2/org/apache/maven/plugins/maven-surefire-plugin/2.12.4/maven-surefire-plugin-2.12.4.jar
[INFO] Downloaded from central: https://repo.maven.apache.org/maven2/org/apache/maven/plugins/maven-surefire-plugin/2.12.4/maven-surefire-plugin-2.12.4.jar (30 kB at 870 kB/s)
[INFO] Downloading from central: https://repo.maven.apache.org/maven2/org/apache/maven/plugins/maven-jar-plugin/2.4/maven-jar-plugin-2.4.pom
[INFO] Downloaded from central: https://repo.maven.apache.org/maven2/org/apache/maven/plugins/maven-jar-plugin/2.4/maven-jar-plugin-2.4.pom (5.8 kB at 146 kB/s)
[INFO] Downloading from central: https://repo.maven.apache.org/maven2/org/apache/maven/plugins/maven-jar-plugin/2.4/maven-jar-plugin-2.4.jar
[INFO] Downloaded from central: https://repo.maven.apache.org/maven2/org/apache/maven/plugins/maven-jar-plugin/2.4/maven-jar-plugin-2.4.jar (34 kB at 872 kB/s)
[INFO] Downloading from central: https://repo.maven.apache.org/maven2/org/apache/maven/plugins/maven-shade-plugin/3.4.1/maven-shade-plugin-3.4.1.pom
[INFO] Downloaded from central: https://repo.maven.apache.org/maven2/org/apache/maven/plugins/maven-shade-plugin/3.4.1/maven-shade-plugin-3.4.1.pom (13 kB at 306 kB/s)
[INFO] Downloading from central: https://repo.maven.apache.org/maven2/org/apache/maven/plugins/maven-plugins/37/maven-plugins-37.pom
[INFO] Downloaded from central: https://repo.maven.apache.org/maven2/org/apache/maven/plugins/maven-plugins/37/maven-plugins-37.pom (9.9 kB at 254 kB/s)
[INFO] Downloading from central: https://repo.maven.apache.org/maven2/org/apache/maven/maven-parent/37/maven-parent-37.pom
[INFO] Downloaded from central: https://repo.maven.apache.org/maven2/org/apache/maven/maven-parent/37/maven-parent-37.pom (46 kB at 1.4 MB/s)
[INFO] Downloading from central: https://repo.maven.apache.org/maven2/org/apache/apache/27/apache-27.pom
[INFO] Downloaded from central: https://repo.maven.apache.org/maven2/org/apache/apache/27/apache-27.pom (20 kB at 636 kB/s)
[INFO] Downloading from central: https://repo.maven.apache.org/maven2/org/apache/maven/plugins/maven-shade-plugin/3.4.1/maven-shade-plugin-3.4.1.jar
[INFO] Downloaded from central: https://repo.maven.apache.org/maven2/org/apache/maven/plugins/maven-shade-plugin/3.4.1/maven-shade-plugin-3.4.1.jar (143 kB at 3.8 MB/s)
[INFO] Downloading from everything: https://repo.citizensnpcs.co/net/citizensnpcs/citizensapi/2.0.30-SNAPSHOT/maven-metadata.xml
[INFO] Downloading from spigotmc-repo: https://hub.spigotmc.org/nexus/content/repositories/snapshots/net/citizensnpcs/citizensapi/2.0.30-SNAPSHOT/maven-metadata.xml
[INFO] Downloading from codemc-repo: https://repo.codemc.org/repository/maven-public/net/citizensnpcs/citizensapi/2.0.30-SNAPSHOT/maven-metadata.xml
[INFO] Downloading from minecraft-repo: https://libraries.minecraft.net/net/citizensnpcs/citizensapi/2.0.30-SNAPSHOT/maven-metadata.xml
[INFO] Downloaded from everything: https://repo.citizensnpcs.co/net/citizensnpcs/citizensapi/2.0.30-SNAPSHOT/maven-metadata.xml (999 B at 1.8 kB/s)
[WARNING] Could not transfer metadata net.citizensnpcs:citizensapi:2.0.30-SNAPSHOT/maven-metadata.xml from/to codemc-repo (https://repo.codemc.org/repository/maven-public/): transfer failed for https://repo.codemc.org/repository/maven-public/net/citizensnpcs/citizensapi/2.0.30-SNAPSHOT/maven-metadata.xml
[WARNING] net.citizensnpcs:citizensapi:2.0.30-SNAPSHOT/maven-metadata.xmlfailed to transfer from https://repo.codemc.org/repository/maven-public/ during a previous attempt. This failure was cached in the local repository and resolution will not be reattempted until the update interval of codemc-repo has elapsed or updates are forced. Original error: Could not transfer metadata net.citizensnpcs:citizensapi:2.0.30-SNAPSHOT/maven-metadata.xml from/to codemc-repo (https://repo.codemc.org/repository/maven-public/): transfer failed for https://repo.codemc.org/repository/maven-public/net/citizensnpcs/citizensapi/2.0.30-SNAPSHOT/maven-metadata.xml
[INFO] Downloading from everything: https://repo.citizensnpcs.co/net/citizensnpcs/citizensapi/2.0.30-SNAPSHOT/citizensapi-2.0.30-20230119.103616-72.pom
[INFO] Downloaded from everything: https://repo.citizensnpcs.co/net/citizensnpcs/citizensapi/2.0.30-SNAPSHOT/citizensapi-2.0.30-20230119.103616-72.pom (5.6 kB at 19 kB/s)
[INFO] Downloading from everything: https://repo.citizensnpcs.co/org/spigotmc/spigot-api/1.19.3-R0.1-SNAPSHOT/maven-metadata.xml
[INFO] Downloading from spigotmc-repo: https://hub.spigotmc.org/nexus/content/repositories/snapshots/org/spigotmc/spigot-api/1.19.3-R0.1-SNAPSHOT/maven-metadata.xml
[INFO] Downloading from minecraft-repo: https://libraries.minecraft.net/org/spigotmc/spigot-api/1.19.3-R0.1-SNAPSHOT/maven-metadata.xml
[INFO] Downloading from codemc-repo: https://repo.codemc.org/repository/maven-public/org/spigotmc/spigot-api/1.19.3-R0.1-SNAPSHOT/maven-metadata.xml
[INFO] Downloaded from spigotmc-repo: https://hub.spigotmc.org/nexus/content/repositories/snapshots/org/spigotmc/spigot-api/1.19.3-R0.1-SNAPSHOT/maven-metadata.xml (1.5 kB at 9.6 kB/s)
[WARNING] org.spigotmc:spigot-api:1.19.3-R0.1-SNAPSHOT/maven-metadata.xmlfailed to transfer from https://repo.codemc.org/repository/maven-public/ during a previous attempt. This failure was cached in the local repository and resolution will not be reattempted until the update interval of codemc-repo has elapsed or updates are forced. Original error: Could not transfer metadata org.spigotmc:spigot-api:1.19.3-R0.1-SNAPSHOT/maven-metadata.xml from/to codemc-repo (https://repo.codemc.org/repository/maven-public/): transfer failed for https://repo.codemc.org/repository/maven-public/org/spigotmc/spigot-api/1.19.3-R0.1-SNAPSHOT/maven-metadata.xml
[INFO] Downloading from everything: https://repo.citizensnpcs.co/org/spigotmc/spigot-api/1.19.3-R0.1-SNAPSHOT/spigot-api-1.19.3-R0.1-20230112.085520-27.pom
[WARNING] Could not transfer metadata org.spigotmc:spigot-api:1.19.3-R0.1-SNAPSHOT/maven-metadata.xml from/to codemc-repo (https://repo.codemc.org/repository/maven-public/): transfer failed for https://repo.codemc.org/repository/maven-public/org/spigotmc/spigot-api/1.19.3-R0.1-SNAPSHOT/maven-metadata.xml
[INFO] Downloading from spigotmc-repo: https://hub.spigotmc.org/nexus/content/repositories/snapshots/org/spigotmc/spigot-api/1.19.3-R0.1-SNAPSHOT/spigot-api-1.19.3-R0.1-20230112.085520-27.pom
[INFO] Downloaded from spigotmc-repo: https://hub.spigotmc.org/nexus/content/repositories/snapshots/org/spigotmc/spigot-api/1.19.3-R0.1-SNAPSHOT/spigot-api-1.19.3-R0.1-20230112.085520-27.pom (10 kB at 69 kB/s)
[INFO] Downloading from everything: https://repo.citizensnpcs.co/com/google/guava/guava/31.1-jre/guava-31.1-jre.pom
[INFO] Downloading from spigotmc-repo: https://hub.spigotmc.org/nexus/content/repositories/snapshots/com/google/guava/guava/31.1-jre/guava-31.1-jre.pom
[INFO] Downloading from minecraft-repo: https://libraries.minecraft.net/com/google/guava/guava/31.1-jre/guava-31.1-jre.pom
[INFO] Downloaded from minecraft-repo: https://libraries.minecraft.net/com/google/guava/guava/31.1-jre/guava-31.1-jre.pom (11 kB at 128 kB/s)
[INFO] Downloading from everything: https://repo.citizensnpcs.co/com/google/guava/guava-parent/31.1-jre/guava-parent-31.1-jre.pom
[INFO] Downloading from spigotmc-repo: https://hub.spigotmc.org/nexus/content/repositories/snapshots/com/google/guava/guava-parent/31.1-jre/guava-parent-31.1-jre.pom
[INFO] Downloading from minecraft-repo: https://libraries.minecraft.net/com/google/guava/guava-parent/31.1-jre/guava-parent-31.1-jre.pom
[INFO] Downloading from codemc-repo: https://repo.codemc.org/repository/maven-public/com/google/guava/guava-parent/31.1-jre/guava-parent-31.1-jre.pom
[INFO] Downloading from central: https://repo.maven.apache.org/maven2/com/google/guava/guava-parent/31.1-jre/guava-parent-31.1-jre.pom
[INFO] Downloaded from central: https://repo.maven.apache.org/maven2/com/google/guava/guava-parent/31.1-jre/guava-parent-31.1-jre.pom (15 kB at 475 kB/s)
[INFO] Downloading from everything: https://repo.citizensnpcs.co/com/google/guava/failureaccess/1.0.1/failureaccess-1.0.1.pom
[INFO] Downloading from spigotmc-repo: https://hub.spigotmc.org/nexus/content/repositories/snapshots/com/google/guava/failureaccess/1.0.1/failureaccess-1.0.1.pom
[INFO] Downloading from minecraft-repo: https://libraries.minecraft.net/com/google/guava/failureaccess/1.0.1/failureaccess-1.0.1.pom
[INFO] Downloaded from minecraft-repo: https://libraries.minecraft.net/com/google/guava/failureaccess/1.0.1/failureaccess-1.0.1.pom (2.4 kB at 65 kB/s)
[INFO] Downloading from everything: https://repo.citizensnpcs.co/com/google/guava/guava-parent/26.0-android/guava-parent-26.0-android.pom
[INFO] Downloading from spigotmc-repo: https://hub.spigotmc.org/nexus/content/repositories/snapshots/com/google/guava/guava-parent/26.0-android/guava-parent-26.0-android.pom
[INFO] Downloading from minecraft-repo: https://libraries.minecraft.net/com/google/guava/guava-parent/26.0-android/guava-parent-26.0-android.pom
[INFO] Downloading from codemc-repo: https://repo.codemc.org/repository/maven-public/com/google/guava/guava-parent/26.0-android/guava-parent-26.0-android.pom
[INFO] Downloading from central: https://repo.maven.apache.org/maven2/com/google/guava/guava-parent/26.0-android/guava-parent-26.0-android.pom
[INFO] Downloaded from central: https://repo.maven.apache.org/maven2/com/google/guava/guava-parent/26.0-android/guava-parent-26.0-android.pom (10 kB at 308 kB/s)
[INFO] Downloading from everything: https://repo.citizensnpcs.co/org/sonatype/oss/oss-parent/9/oss-parent-9.pom
[INFO] Downloading from spigotmc-repo: https://hub.spigotmc.org/nexus/content/repositories/snapshots/org/sonatype/oss/oss-parent/9/oss-parent-9.pom
[INFO] Downloading from minecraft-repo: https://libraries.minecraft.net/org/sonatype/oss/oss-parent/9/oss-parent-9.pom
[INFO] Downloading from codemc-repo: https://repo.codemc.org/repository/maven-public/org/sonatype/oss/oss-parent/9/oss-parent-9.pom
[INFO] Downloading from central: https://repo.maven.apache.org/maven2/org/sonatype/oss/oss-parent/9/oss-parent-9.pom
[INFO] Downloaded from central: https://repo.maven.apache.org/maven2/org/sonatype/oss/oss-parent/9/oss-parent-9.pom (6.6 kB at 219 kB/s)
[INFO] Downloading from everything: https://repo.citizensnpcs.co/com/google/guava/listenablefuture/9999.0-empty-to-avoid-conflict-with-guava/listenablefuture-9999.0-empty-to-avoid-conflict-with-guava.pom
[INFO] Downloading from spigotmc-repo: https://hub.spigotmc.org/nexus/content/repositories/snapshots/com/google/guava/listenablefuture/9999.0-empty-to-avoid-conflict-with-guava/listenablefuture-9999.0-empty-to-avoid-conflict-with-guava.pom
[INFO] Downloading from minecraft-repo: https://libraries.minecraft.net/com/google/guava/listenablefuture/9999.0-empty-to-avoid-conflict-with-guava/listenablefuture-9999.0-empty-to-avoid-conflict-with-guava.pom
[INFO] Downloaded from minecraft-repo: https://libraries.minecraft.net/com/google/guava/listenablefuture/9999.0-empty-to-avoid-conflict-with-guava/listenablefuture-9999.0-empty-to-avoid-conflict-with-guava.pom (2.3 kB at 60 kB/s)
[INFO] Downloading from everything: https://repo.citizensnpcs.co/com/google/code/findbugs/jsr305/3.0.2/jsr305-3.0.2.pom
[INFO] Downloading from spigotmc-repo: https://hub.spigotmc.org/nexus/content/repositories/snapshots/com/google/code/findbugs/jsr305/3.0.2/jsr305-3.0.2.pom
[INFO] Downloading from minecraft-repo: https://libraries.minecraft.net/com/google/code/findbugs/jsr305/3.0.2/jsr305-3.0.2.pom
[INFO] Downloaded from minecraft-repo: https://libraries.minecraft.net/com/google/code/findbugs/jsr305/3.0.2/jsr305-3.0.2.pom (4.3 kB at 47 kB/s)
[INFO] Downloading from everything: https://repo.citizensnpcs.co/org/sonatype/oss/oss-parent/7/oss-parent-7.pom
[INFO] Downloading from spigotmc-repo: https://hub.spigotmc.org/nexus/content/repositories/snapshots/org/sonatype/oss/oss-parent/7/oss-parent-7.pom
[INFO] Downloading from minecraft-repo: https://libraries.minecraft.net/org/sonatype/oss/oss-parent/7/oss-parent-7.pom
[INFO] Downloading from codemc-repo: https://repo.codemc.org/repository/maven-public/org/sonatype/oss/oss-parent/7/oss-parent-7.pom
[INFO] Downloading from central: https://repo.maven.apache.org/maven2/org/sonatype/oss/oss-parent/7/oss-parent-7.pom
[INFO] Downloaded from central: https://repo.maven.apache.org/maven2/org/sonatype/oss/oss-parent/7/oss-parent-7.pom (4.8 kB at 161 kB/s)
[INFO] Downloading from everything: https://repo.citizensnpcs.co/org/checkerframework/checker-qual/3.12.0/checker-qual-3.12.0.pom
[INFO] Downloading from spigotmc-repo: https://hub.spigotmc.org/nexus/content/repositories/snapshots/org/checkerframework/checker-qual/3.12.0/checker-qual-3.12.0.pom
[INFO] Downloading from minecraft-repo: https://libraries.minecraft.net/org/checkerframework/checker-qual/3.12.0/checker-qual-3.12.0.pom
[INFO] Downloaded from minecraft-repo: https://libraries.minecraft.net/org/checkerframework/checker-qual/3.12.0/checker-qual-3.12.0.pom (2.1 kB at 57 kB/s)
[INFO] Downloading from everything: https://repo.citizensnpcs.co/com/google/errorprone/error_prone_annotations/2.11.0/error_prone_annotations-2.11.0.pom
[INFO] Downloading from spigotmc-repo: https://hub.spigotmc.org/nexus/content/repositories/snapshots/com/google/errorprone/error_prone_annotations/2.11.0/error_prone_annotations-2.11.0.pom
[INFO] Downloading from minecraft-repo: https://libraries.minecraft.net/com/google/errorprone/error_prone_annotations/2.11.0/error_prone_annotations-2.11.0.pom
[INFO] Downloaded from minecraft-repo: https://libraries.minecraft.net/com/google/errorprone/error_prone_annotations/2.11.0/error_prone_annotations-2.11.0.pom (2.2 kB at 11 kB/s)
[INFO] Downloading from everything: https://repo.citizensnpcs.co/com/google/errorprone/error_prone_parent/2.11.0/error_prone_parent-2.11.0.pom
[INFO] Downloading from spigotmc-repo: https://hub.spigotmc.org/nexus/content/repositories/snapshots/com/google/errorprone/error_prone_parent/2.11.0/error_prone_parent-2.11.0.pom
[INFO] Downloading from minecraft-repo: https://libraries.minecraft.net/com/google/errorprone/error_prone_parent/2.11.0/error_prone_parent-2.11.0.pom
[INFO] Downloading from codemc-repo: https://repo.codemc.org/repository/maven-public/com/google/errorprone/error_prone_parent/2.11.0/error_prone_parent-2.11.0.pom
[INFO] Downloading from central: https://repo.maven.apache.org/maven2/com/google/errorprone/error_prone_parent/2.11.0/error_prone_parent-2.11.0.pom
[INFO] Downloaded from central: https://repo.maven.apache.org/maven2/com/google/errorprone/error_prone_parent/2.11.0/error_prone_parent-2.11.0.pom (11 kB at 346 kB/s)
[INFO] Downloading from everything: https://repo.citizensnpcs.co/com/google/j2objc/j2objc-annotations/1.3/j2objc-annotations-1.3.pom
[INFO] Downloading from spigotmc-repo: https://hub.spigotmc.org/nexus/content/repositories/snapshots/com/google/j2objc/j2objc-annotations/1.3/j2objc-annotations-1.3.pom
[INFO] Downloading from minecraft-repo: https://libraries.minecraft.net/com/google/j2objc/j2objc-annotations/1.3/j2objc-annotations-1.3.pom
[INFO] Downloaded from minecraft-repo: https://libraries.minecraft.net/com/google/j2objc/j2objc-annotations/1.3/j2objc-annotations-1.3.pom (2.8 kB at 77 kB/s)
[INFO] Downloading from everything: https://repo.citizensnpcs.co/com/google/code/gson/gson/2.10/gson-2.10.pom
[INFO] Downloading from spigotmc-repo: https://hub.spigotmc.org/nexus/content/repositories/snapshots/com/google/code/gson/gson/2.10/gson-2.10.pom
[INFO] Downloading from minecraft-repo: https://libraries.minecraft.net/com/google/code/gson/gson/2.10/gson-2.10.pom
[INFO] Downloaded from minecraft-repo: https://libraries.minecraft.net/com/google/code/gson/gson/2.10/gson-2.10.pom (9.4 kB at 260 kB/s)
[INFO] Downloading from everything: https://repo.citizensnpcs.co/com/google/code/gson/gson-parent/2.10/gson-parent-2.10.pom
[INFO] Downloading from spigotmc-repo: https://hub.spigotmc.org/nexus/content/repositories/snapshots/com/google/code/gson/gson-parent/2.10/gson-parent-2.10.pom
[INFO] Downloading from minecraft-repo: https://libraries.minecraft.net/com/google/code/gson/gson-parent/2.10/gson-parent-2.10.pom
[INFO] Downloading from codemc-repo: https://repo.codemc.org/repository/maven-public/com/google/code/gson/gson-parent/2.10/gson-parent-2.10.pom
[INFO] Downloading from central: https://repo.maven.apache.org/maven2/com/google/code/gson/gson-parent/2.10/gson-parent-2.10.pom
[INFO] Downloaded from central: https://repo.maven.apache.org/maven2/com/google/code/gson/gson-parent/2.10/gson-parent-2.10.pom (12 kB at 292 kB/s)
[INFO] Downloading from everything: https://repo.citizensnpcs.co/net/md-5/bungeecord-chat/1.16-R0.4/bungeecord-chat-1.16-R0.4.pom
[INFO] Downloading from spigotmc-repo: https://hub.spigotmc.org/nexus/content/repositories/snapshots/net/md-5/bungeecord-chat/1.16-R0.4/bungeecord-chat-1.16-R0.4.pom
[INFO] Downloading from minecraft-repo: https://libraries.minecraft.net/net/md-5/bungeecord-chat/1.16-R0.4/bungeecord-chat-1.16-R0.4.pom
[INFO] Downloading from codemc-repo: https://repo.codemc.org/repository/maven-public/net/md-5/bungeecord-chat/1.16-R0.4/bungeecord-chat-1.16-R0.4.pom
[INFO] Downloading from central: https://repo.maven.apache.org/maven2/net/md-5/bungeecord-chat/1.16-R0.4/bungeecord-chat-1.16-R0.4.pom
[INFO] Downloaded from central: https://repo.maven.apache.org/maven2/net/md-5/bungeecord-chat/1.16-R0.4/bungeecord-chat-1.16-R0.4.pom (978 B at 31 kB/s)
[INFO] Downloading from everything: https://repo.citizensnpcs.co/net/md-5/bungeecord-parent/1.16-R0.4/bungeecord-parent-1.16-R0.4.pom
[INFO] Downloading from spigotmc-repo: https://hub.spigotmc.org/nexus/content/repositories/snapshots/net/md-5/bungeecord-parent/1.16-R0.4/bungeecord-parent-1.16-R0.4.pom
[INFO] Downloading from minecraft-repo: https://libraries.minecraft.net/net/md-5/bungeecord-parent/1.16-R0.4/bungeecord-parent-1.16-R0.4.pom
[INFO] Downloading from codemc-repo: https://repo.codemc.org/repository/maven-public/net/md-5/bungeecord-parent/1.16-R0.4/bungeecord-parent-1.16-R0.4.pom
[INFO] Downloading from central: https://repo.maven.apache.org/maven2/net/md-5/bungeecord-parent/1.16-R0.4/bungeecord-parent-1.16-R0.4.pom
[INFO] Downloaded from central: https://repo.maven.apache.org/maven2/net/md-5/bungeecord-parent/1.16-R0.4/bungeecord-parent-1.16-R0.4.pom (10 kB at 246 kB/s)
[INFO] Downloading from everything: https://repo.citizensnpcs.co/com/google/code/gson/gson/2.8.0/gson-2.8.0.pom
[INFO] Downloading from spigotmc-repo: https://hub.spigotmc.org/nexus/content/repositories/snapshots/com/google/code/gson/gson/2.8.0/gson-2.8.0.pom
[INFO] Downloading from minecraft-repo: https://libraries.minecraft.net/com/google/code/gson/gson/2.8.0/gson-2.8.0.pom
[INFO] Downloaded from minecraft-repo: https://libraries.minecraft.net/com/google/code/gson/gson/2.8.0/gson-2.8.0.pom (1.4 kB at 39 kB/s)
[INFO] Downloading from everything: https://repo.citizensnpcs.co/com/google/code/gson/gson-parent/2.8.0/gson-parent-2.8.0.pom
[INFO] Downloading from spigotmc-repo: https://hub.spigotmc.org/nexus/content/repositories/snapshots/com/google/code/gson/gson-parent/2.8.0/gson-parent-2.8.0.pom
[INFO] Downloading from minecraft-repo: https://libraries.minecraft.net/com/google/code/gson/gson-parent/2.8.0/gson-parent-2.8.0.pom
[INFO] Downloading from codemc-repo: https://repo.codemc.org/repository/maven-public/com/google/code/gson/gson-parent/2.8.0/gson-parent-2.8.0.pom
[INFO] Downloading from central: https://repo.maven.apache.org/maven2/com/google/code/gson/gson-parent/2.8.0/gson-parent-2.8.0.pom
[INFO] Downloaded from central: https://repo.maven.apache.org/maven2/com/google/code/gson/gson-parent/2.8.0/gson-parent-2.8.0.pom (3.5 kB at 112 kB/s)
[INFO] Downloading from everything: https://repo.citizensnpcs.co/com/google/guava/guava/21.0/guava-21.0.pom
[INFO] Downloading from spigotmc-repo: https://hub.spigotmc.org/nexus/content/repositories/snapshots/com/google/guava/guava/21.0/guava-21.0.pom
[INFO] Downloading from minecraft-repo: https://libraries.minecraft.net/com/google/guava/guava/21.0/guava-21.0.pom
[INFO] Downloaded from minecraft-repo: https://libraries.minecraft.net/com/google/guava/guava/21.0/guava-21.0.pom (7.0 kB at 189 kB/s)
[INFO] Downloading from everything: https://repo.citizensnpcs.co/com/google/guava/guava-parent/21.0/guava-parent-21.0.pom
[INFO] Downloading from spigotmc-repo: https://hub.spigotmc.org/nexus/content/repositories/snapshots/com/google/guava/guava-parent/21.0/guava-parent-21.0.pom
[INFO] Downloading from minecraft-repo: https://libraries.minecraft.net/com/google/guava/guava-parent/21.0/guava-parent-21.0.pom
[INFO] Downloading from codemc-repo: https://repo.codemc.org/repository/maven-public/com/google/guava/guava-parent/21.0/guava-parent-21.0.pom
[INFO] Downloading from central: https://repo.maven.apache.org/maven2/com/google/guava/guava-parent/21.0/guava-parent-21.0.pom
[INFO] Downloaded from central: https://repo.maven.apache.org/maven2/com/google/guava/guava-parent/21.0/guava-parent-21.0.pom (9.7 kB at 254 kB/s)
[INFO] Downloading from everything: https://repo.citizensnpcs.co/org/yaml/snakeyaml/1.33/snakeyaml-1.33.pom
[INFO] Downloading from spigotmc-repo: https://hub.spigotmc.org/nexus/content/repositories/snapshots/org/yaml/snakeyaml/1.33/snakeyaml-1.33.pom
[INFO] Downloading from minecraft-repo: https://libraries.minecraft.net/org/yaml/snakeyaml/1.33/snakeyaml-1.33.pom
[INFO] Downloading from codemc-repo: https://repo.codemc.org/repository/maven-public/org/yaml/snakeyaml/1.33/snakeyaml-1.33.pom
[INFO] Downloading from central: https://repo.maven.apache.org/maven2/org/yaml/snakeyaml/1.33/snakeyaml-1.33.pom
[INFO] Downloaded from central: https://repo.maven.apache.org/maven2/org/yaml/snakeyaml/1.33/snakeyaml-1.33.pom (39 kB at 1.2 MB/s)
[INFO] Downloading from everything: https://repo.citizensnpcs.co/com/mojang/authlib/1.5.25/authlib-1.5.25.pom
[INFO] Downloading from spigotmc-repo: https://hub.spigotmc.org/nexus/content/repositories/snapshots/com/mojang/authlib/1.5.25/authlib-1.5.25.pom
[INFO] Downloading from minecraft-repo: https://libraries.minecraft.net/com/mojang/authlib/1.5.25/authlib-1.5.25.pom
[INFO] Downloaded from minecraft-repo: https://libraries.minecraft.net/com/mojang/authlib/1.5.25/authlib-1.5.25.pom (2.0 kB at 55 kB/s)
[INFO] Downloading from everything: https://repo.citizensnpcs.co/com/google/code/findbugs/jsr305/2.0.1/jsr305-2.0.1.pom
[INFO] Downloading from spigotmc-repo: https://hub.spigotmc.org/nexus/content/repositories/snapshots/com/google/code/findbugs/jsr305/2.0.1/jsr305-2.0.1.pom
[INFO] Downloading from minecraft-repo: https://libraries.minecraft.net/com/google/code/findbugs/jsr305/2.0.1/jsr305-2.0.1.pom
[INFO] Downloaded from minecraft-repo: https://libraries.minecraft.net/com/google/code/findbugs/jsr305/2.0.1/jsr305-2.0.1.pom (965 B at 8.5 kB/s)
[INFO] Downloading from everything: https://repo.citizensnpcs.co/commons-codec/commons-codec/1.10/commons-codec-1.10.pom
[INFO] Downloading from spigotmc-repo: https://hub.spigotmc.org/nexus/content/repositories/snapshots/commons-codec/commons-codec/1.10/commons-codec-1.10.pom
[INFO] Downloading from minecraft-repo: https://libraries.minecraft.net/commons-codec/commons-codec/1.10/commons-codec-1.10.pom
[INFO] Downloaded from minecraft-repo: https://libraries.minecraft.net/commons-codec/commons-codec/1.10/commons-codec-1.10.pom (12 kB at 137 kB/s)
[INFO] Downloading from everything: https://repo.citizensnpcs.co/org/apache/commons/commons-parent/35/commons-parent-35.pom
[INFO] Downloading from spigotmc-repo: https://hub.spigotmc.org/nexus/content/repositories/snapshots/org/apache/commons/commons-parent/35/commons-parent-35.pom
[INFO] Downloading from minecraft-repo: https://libraries.minecraft.net/org/apache/commons/commons-parent/35/commons-parent-35.pom
[INFO] Downloading from codemc-repo: https://repo.codemc.org/repository/maven-public/org/apache/commons/commons-parent/35/commons-parent-35.pom
[INFO] Downloading from central: https://repo.maven.apache.org/maven2/org/apache/commons/commons-parent/35/commons-parent-35.pom
[INFO] Downloaded from central: https://repo.maven.apache.org/maven2/org/apache/commons/commons-parent/35/commons-parent-35.pom (58 kB at 1.7 MB/s)
[INFO] Downloading from everything: https://repo.citizensnpcs.co/org/apache/apache/15/apache-15.pom
[INFO] Downloading from spigotmc-repo: https://hub.spigotmc.org/nexus/content/repositories/snapshots/org/apache/apache/15/apache-15.pom
[INFO] Downloading from minecraft-repo: https://libraries.minecraft.net/org/apache/apache/15/apache-15.pom
[INFO] Downloading from codemc-repo: https://repo.codemc.org/repository/maven-public/org/apache/apache/15/apache-15.pom
[INFO] Downloading from central: https://repo.maven.apache.org/maven2/org/apache/apache/15/apache-15.pom
[INFO] Downloaded from central: https://repo.maven.apache.org/maven2/org/apache/apache/15/apache-15.pom (15 kB at 363 kB/s)
[INFO] Downloading from everything: https://repo.citizensnpcs.co/commons-io/commons-io/2.4/commons-io-2.4.pom
[INFO] Downloading from spigotmc-repo: https://hub.spigotmc.org/nexus/content/repositories/snapshots/commons-io/commons-io/2.4/commons-io-2.4.pom
[INFO] Downloading from minecraft-repo: https://libraries.minecraft.net/commons-io/commons-io/2.4/commons-io-2.4.pom
[INFO] Downloaded from minecraft-repo: https://libraries.minecraft.net/commons-io/commons-io/2.4/commons-io-2.4.pom (10 kB at 114 kB/s)
[INFO] Downloading from everything: https://repo.citizensnpcs.co/org/apache/commons/commons-parent/25/commons-parent-25.pom
[INFO] Downloading from spigotmc-repo: https://hub.spigotmc.org/nexus/content/repositories/snapshots/org/apache/commons/commons-parent/25/commons-parent-25.pom
[INFO] Downloading from minecraft-repo: https://libraries.minecraft.net/org/apache/commons/commons-parent/25/commons-parent-25.pom
[INFO] Downloading from codemc-repo: https://repo.codemc.org/repository/maven-public/org/apache/commons/commons-parent/25/commons-parent-25.pom
[INFO] Downloading from central: https://repo.maven.apache.org/maven2/org/apache/commons/commons-parent/25/commons-parent-25.pom
[INFO] Downloaded from central: https://repo.maven.apache.org/maven2/org/apache/commons/commons-parent/25/commons-parent-25.pom (48 kB at 1.5 MB/s)
[INFO] Downloading from everything: https://repo.citizensnpcs.co/org/apache/apache/9/apache-9.pom
[INFO] Downloading from spigotmc-repo: https://hub.spigotmc.org/nexus/content/repositories/snapshots/org/apache/apache/9/apache-9.pom
[INFO] Downloading from minecraft-repo: https://libraries.minecraft.net/org/apache/apache/9/apache-9.pom
[INFO] Downloading from codemc-repo: https://repo.codemc.org/repository/maven-public/org/apache/apache/9/apache-9.pom
[INFO] Downloading from central: https://repo.maven.apache.org/maven2/org/apache/apache/9/apache-9.pom
[INFO] Downloaded from central: https://repo.maven.apache.org/maven2/org/apache/apache/9/apache-9.pom (15 kB at 505 kB/s)
[INFO] Downloading from everything: https://repo.citizensnpcs.co/org/apache/commons/commons-lang3/3.5/commons-lang3-3.5.pom
[INFO] Downloading from spigotmc-repo: https://hub.spigotmc.org/nexus/content/repositories/snapshots/org/apache/commons/commons-lang3/3.5/commons-lang3-3.5.pom
[INFO] Downloading from minecraft-repo: https://libraries.minecraft.net/org/apache/commons/commons-lang3/3.5/commons-lang3-3.5.pom
[INFO] Downloaded from minecraft-repo: https://libraries.minecraft.net/org/apache/commons/commons-lang3/3.5/commons-lang3-3.5.pom (23 kB at 569 kB/s)
[INFO] Downloading from everything: https://repo.citizensnpcs.co/org/apache/commons/commons-parent/41/commons-parent-41.pom
[INFO] Downloading from spigotmc-repo: https://hub.spigotmc.org/nexus/content/repositories/snapshots/org/apache/commons/commons-parent/41/commons-parent-41.pom
[INFO] Downloading from minecraft-repo: https://libraries.minecraft.net/org/apache/commons/commons-parent/41/commons-parent-41.pom
[INFO] Downloading from codemc-repo: https://repo.codemc.org/repository/maven-public/org/apache/commons/commons-parent/41/commons-parent-41.pom
[INFO] Downloading from central: https://repo.maven.apache.org/maven2/org/apache/commons/commons-parent/41/commons-parent-41.pom
[INFO] Downloaded from central: https://repo.maven.apache.org/maven2/org/apache/commons/commons-parent/41/commons-parent-41.pom (65 kB at 2.0 MB/s)
[INFO] Downloading from everything: https://repo.citizensnpcs.co/org/apache/apache/18/apache-18.pom
[INFO] Downloading from spigotmc-repo: https://hub.spigotmc.org/nexus/content/repositories/snapshots/org/apache/apache/18/apache-18.pom
[INFO] Downloading from minecraft-repo: https://libraries.minecraft.net/org/apache/apache/18/apache-18.pom
[INFO] Downloading from codemc-repo: https://repo.codemc.org/repository/maven-public/org/apache/apache/18/apache-18.pom
[INFO] Downloading from central: https://repo.maven.apache.org/maven2/org/apache/apache/18/apache-18.pom
[INFO] Downloaded from central: https://repo.maven.apache.org/maven2/org/apache/apache/18/apache-18.pom (16 kB at 522 kB/s)
[INFO] Downloading from everything: https://repo.citizensnpcs.co/org/apache/logging/log4j/log4j-api/2.8.1/log4j-api-2.8.1.pom
[INFO] Downloading from spigotmc-repo: https://hub.spigotmc.org/nexus/content/repositories/snapshots/org/apache/logging/log4j/log4j-api/2.8.1/log4j-api-2.8.1.pom
[INFO] Downloading from minecraft-repo: https://libraries.minecraft.net/org/apache/logging/log4j/log4j-api/2.8.1/log4j-api-2.8.1.pom
[INFO] Downloaded from minecraft-repo: https://libraries.minecraft.net/org/apache/logging/log4j/log4j-api/2.8.1/log4j-api-2.8.1.pom (8.7 kB at 236 kB/s)
[INFO] Downloading from everything: https://repo.citizensnpcs.co/org/apache/logging/log4j/log4j/2.8.1/log4j-2.8.1.pom
[INFO] Downloading from spigotmc-repo: https://hub.spigotmc.org/nexus/content/repositories/snapshots/org/apache/logging/log4j/log4j/2.8.1/log4j-2.8.1.pom
[INFO] Downloading from minecraft-repo: https://libraries.minecraft.net/org/apache/logging/log4j/log4j/2.8.1/log4j-2.8.1.pom
[INFO] Downloading from codemc-repo: https://repo.codemc.org/repository/maven-public/org/apache/logging/log4j/log4j/2.8.1/log4j-2.8.1.pom
[INFO] Downloading from central: https://repo.maven.apache.org/maven2/org/apache/logging/log4j/log4j/2.8.1/log4j-2.8.1.pom
[INFO] Downloaded from central: https://repo.maven.apache.org/maven2/org/apache/logging/log4j/log4j/2.8.1/log4j-2.8.1.pom (55 kB at 1.7 MB/s)
[INFO] Downloading from everything: https://repo.citizensnpcs.co/org/apache/logging/logging-parent/1/logging-parent-1.pom
[INFO] Downloading from spigotmc-repo: https://hub.spigotmc.org/nexus/content/repositories/snapshots/org/apache/logging/logging-parent/1/logging-parent-1.pom
[INFO] Downloading from minecraft-repo: https://libraries.minecraft.net/org/apache/logging/logging-parent/1/logging-parent-1.pom
[INFO] Downloading from codemc-repo: https://repo.codemc.org/repository/maven-public/org/apache/logging/logging-parent/1/logging-parent-1.pom
[INFO] Downloading from central: https://repo.maven.apache.org/maven2/org/apache/logging/logging-parent/1/logging-parent-1.pom
[INFO] Downloaded from central: https://repo.maven.apache.org/maven2/org/apache/logging/logging-parent/1/logging-parent-1.pom (3.2 kB at 102 kB/s)
[INFO] Downloading from everything: https://repo.citizensnpcs.co/org/apache/logging/log4j/log4j-core/2.8.1/log4j-core-2.8.1.pom
[INFO] Downloading from spigotmc-repo: https://hub.spigotmc.org/nexus/content/repositories/snapshots/org/apache/logging/log4j/log4j-core/2.8.1/log4j-core-2.8.1.pom
[INFO] Downloading from minecraft-repo: https://libraries.minecraft.net/org/apache/logging/log4j/log4j-core/2.8.1/log4j-core-2.8.1.pom
[INFO] Downloaded from minecraft-repo: https://libraries.minecraft.net/org/apache/logging/log4j/log4j-core/2.8.1/log4j-core-2.8.1.pom (19 kB at 510 kB/s)
[INFO] Downloading from everything: https://repo.citizensnpcs.co/de/tr7zw/item-nbt-api/2.11.1/item-nbt-api-2.11.1.pom
[INFO] Downloading from spigotmc-repo: https://hub.spigotmc.org/nexus/content/repositories/snapshots/de/tr7zw/item-nbt-api/2.11.1/item-nbt-api-2.11.1.pom
[INFO] Downloading from minecraft-repo: https://libraries.minecraft.net/de/tr7zw/item-nbt-api/2.11.1/item-nbt-api-2.11.1.pom
[INFO] Downloading from codemc-repo: https://repo.codemc.org/repository/maven-public/de/tr7zw/item-nbt-api/2.11.1/item-nbt-api-2.11.1.pom
[INFO] Downloading from central: https://repo.maven.apache.org/maven2/de/tr7zw/item-nbt-api/2.11.1/item-nbt-api-2.11.1.pom
[INFO] Downloading from everything: https://repo.citizensnpcs.co/org/xerial/sqlite-jdbc/3.40.0.0/sqlite-jdbc-3.40.0.0.pom
[INFO] Downloading from spigotmc-repo: https://hub.spigotmc.org/nexus/content/repositories/snapshots/org/xerial/sqlite-jdbc/3.40.0.0/sqlite-jdbc-3.40.0.0.pom
[INFO] Downloading from minecraft-repo: https://libraries.minecraft.net/org/xerial/sqlite-jdbc/3.40.0.0/sqlite-jdbc-3.40.0.0.pom
[INFO] Downloading from codemc-repo: https://repo.codemc.org/repository/maven-public/org/xerial/sqlite-jdbc/3.40.0.0/sqlite-jdbc-3.40.0.0.pom
[INFO] Downloading from central: https://repo.maven.apache.org/maven2/org/xerial/sqlite-jdbc/3.40.0.0/sqlite-jdbc-3.40.0.0.pom
[INFO] Downloaded from central: https://repo.maven.apache.org/maven2/org/xerial/sqlite-jdbc/3.40.0.0/sqlite-jdbc-3.40.0.0.pom (18 kB at 567 kB/s)
[INFO] ------------------------------------------------------------------------
[INFO] BUILD FAILURE
[INFO] ------------------------------------------------------------------------
[INFO] Total time:  16.482 s
[INFO] Finished at: 2023-01-20T22:32:18Z
[INFO] ------------------------------------------------------------------------
[ERROR] Failed to execute goal on project ndailyrewards: Could not resolve dependencies for project gq.bxteam:ndailyrewards:jar:DEV - 7 (git 45a97ffc): Failed to collect dependencies at de.tr7zw:item-nbt-api:jar:2.11.1: Failed to read artifact descriptor for de.tr7zw:item-nbt-api:jar:2.11.1: Could not transfer artifact de.tr7zw:item-nbt-api:pom:2.11.1 from/to codemc-repo (https://repo.codemc.org/repository/maven-public/): transfer failed for https://repo.codemc.org/repository/maven-public/de/tr7zw/item-nbt-api/2.11.1/item-nbt-api-2.11.1.pom: Unknown host repo.codemc.org -> [Help 1]
[ERROR] 
[ERROR] To see the full stack trace of the errors, re-run Maven with the -e switch.
[ERROR] Re-run Maven using the -X switch to enable full debug logging.
[ERROR] 
[ERROR] For more information about the errors and possible solutions, please read the following articles:
[ERROR] [Help 1] http://cwiki.apache.org/confluence/display/MAVEN/DependencyResolutionException
