[INFO] Scanning for projects...
[INFO] 
[INFO] ----------------------< gq.bxteam:ndailyrewards >-----------------------
[INFO] Building NDailyRewards DEV - 2 (git c280d4e2)
[INFO] --------------------------------[ jar ]---------------------------------
[INFO] 
[INFO] --- maven-clean-plugin:2.5:clean (default-clean) @ ndailyrewards ---
[INFO] 
[INFO] --- maven-resources-plugin:2.6:resources (default-resources) @ ndailyrewards ---
[INFO] Using 'UTF-8' encoding to copy filtered resources.
[INFO] Copying 3 resources
[INFO] 
[INFO] --- maven-compiler-plugin:3.10.1:compile (default-compile) @ ndailyrewards ---
[INFO] Changes detected - recompiling the module!
[INFO] Compiling 82 source files to E:\VS\benkins\BX-Team\NDailyRewards\master\files\target\classes
[INFO] /E:/VS/benkins/BX-Team/NDailyRewards/master/files/src/main/java/gq/bxteam/ndailyrewards/nbt/NBTCompoundList.java: Some input files use or override a deprecated API.
[INFO] /E:/VS/benkins/BX-Team/NDailyRewards/master/files/src/main/java/gq/bxteam/ndailyrewards/nbt/NBTCompoundList.java: Recompile with -Xlint:deprecation for details.
[INFO] /E:/VS/benkins/BX-Team/NDailyRewards/master/files/src/main/java/gq/bxteam/ndailyrewards/cfg/JYML.java: Some input files use unchecked or unsafe operations.
[INFO] /E:/VS/benkins/BX-Team/NDailyRewards/master/files/src/main/java/gq/bxteam/ndailyrewards/cfg/JYML.java: Recompile with -Xlint:unchecked for details.
[INFO] 
[INFO] --- maven-resources-plugin:2.6:testResources (default-testResources) @ ndailyrewards ---
[INFO] Using 'UTF-8' encoding to copy filtered resources.
[INFO] skip non existing resourceDirectory E:\VS\benkins\BX-Team\NDailyRewards\master\files\src\test\resources
[INFO] 
[INFO] --- maven-compiler-plugin:3.10.1:testCompile (default-testCompile) @ ndailyrewards ---
[INFO] No sources to compile
[INFO] 
[INFO] --- maven-surefire-plugin:2.12.4:test (default-test) @ ndailyrewards ---
[INFO] No tests to run.
[INFO] 
[INFO] --- maven-jar-plugin:2.4:jar (default-jar) @ ndailyrewards ---
[INFO] Building jar: E:\VS\benkins\BX-Team\NDailyRewards\master\files\target\NDailyRewards-2.jar
[INFO] 
[INFO] --- maven-shade-plugin:3.4.1:shade (default) @ ndailyrewards ---
[INFO] Including de.tr7zw:item-nbt-api:jar:2.11.1 in the shaded jar.
[INFO] Including de.tr7zw:functional-annotations:jar:0.1-SNAPSHOT in the shaded jar.
[WARNING] NDailyRewards-2.jar, functional-annotations-0.1-SNAPSHOT.jar, item-nbt-api-2.11.1.jar define 1 overlapping resource: 
[WARNING]   - META-INF/MANIFEST.MF
[WARNING] functional-annotations-0.1-SNAPSHOT.jar, item-nbt-api-2.11.1.jar define 3 overlapping resources: 
[WARNING]   - LICENSE
[WARNING]   - META-INF/maven/de.tr7zw/functional-annotations/pom.properties
[WARNING]   - META-INF/maven/de.tr7zw/functional-annotations/pom.xml
[WARNING] maven-shade-plugin has detected that some class files are
[WARNING] present in two or more JARs. When this happens, only one
[WARNING] single version of the class is copied to the uber jar.
[WARNING] Usually this is not harmful and you can skip these warnings,
[WARNING] otherwise try to manually exclude artifacts based on
[WARNING] mvn dependency:tree -Ddetail=true and the above output.
[WARNING] See https://maven.apache.org/plugins/maven-shade-plugin/
[INFO] Replacing original artifact with shaded artifact.
[INFO] Replacing E:\VS\benkins\BX-Team\NDailyRewards\master\files\target\NDailyRewards-2.jar with E:\VS\benkins\BX-Team\NDailyRewards\master\files\target\ndailyrewards-DEV - 2 (git c280d4e2)-shaded.jar
[INFO] 
[INFO] --- maven-source-plugin:3.2.1:jar-no-fork (attach-sources) @ ndailyrewards ---
[INFO] Building jar: E:\VS\benkins\BX-Team\NDailyRewards\master\files\target\NDailyRewards-2-sources.jar
[INFO] 
[INFO] --- maven-javadoc-plugin:3.4.1:jar (attach-javadocs) @ ndailyrewards ---
[INFO] No previous run data found, generating javadoc.
[WARNING] Javadoc Warnings
[WARNING] Loading source file E:\VS\benkins\BX-Team\NDailyRewards\master\files\src\main\java\gq\bxteam\ndailyrewards\AbstractListener.java...
[WARNING] Loading source file E:\VS\benkins\BX-Team\NDailyRewards\master\files\src\main\java\gq\bxteam\ndailyrewards\cfg\Config.java...
[WARNING] Loading source file E:\VS\benkins\BX-Team\NDailyRewards\master\files\src\main\java\gq\bxteam\ndailyrewards\cfg\ConfigManager.java...
[WARNING] Loading source file E:\VS\benkins\BX-Team\NDailyRewards\master\files\src\main\java\gq\bxteam\ndailyrewards\cfg\JYML.java...
[WARNING] Loading source file E:\VS\benkins\BX-Team\NDailyRewards\master\files\src\main\java\gq\bxteam\ndailyrewards\cfg\Lang.java...
[WARNING] Loading source file E:\VS\benkins\BX-Team\NDailyRewards\master\files\src\main\java\gq\bxteam\ndailyrewards\cfg\MyConfig.java...
[WARNING] Loading source file E:\VS\benkins\BX-Team\NDailyRewards\master\files\src\main\java\gq\bxteam\ndailyrewards\cmds\CommandManager.java...
[WARNING] Loading source file E:\VS\benkins\BX-Team\NDailyRewards\master\files\src\main\java\gq\bxteam\ndailyrewards\cmds\ICmd.java...
[WARNING] Loading source file E:\VS\benkins\BX-Team\NDailyRewards\master\files\src\main\java\gq\bxteam\ndailyrewards\cmds\list\HelpCommand.java...
[WARNING] Loading source file E:\VS\benkins\BX-Team\NDailyRewards\master\files\src\main\java\gq\bxteam\ndailyrewards\cmds\list\OpenCommand.java...
[WARNING] Loading source file E:\VS\benkins\BX-Team\NDailyRewards\master\files\src\main\java\gq\bxteam\ndailyrewards\cmds\list\ReloadCommand.java...
[WARNING] Loading source file E:\VS\benkins\BX-Team\NDailyRewards\master\files\src\main\java\gq\bxteam\ndailyrewards\cmds\list\VersionCommand.java...
[WARNING] Loading source file E:\VS\benkins\BX-Team\NDailyRewards\master\files\src\main\java\gq\bxteam\ndailyrewards\data\D2MySQL.java...
[WARNING] Loading source file E:\VS\benkins\BX-Team\NDailyRewards\master\files\src\main\java\gq\bxteam\ndailyrewards\data\D2SQLite.java...
[WARNING] Loading source file E:\VS\benkins\BX-Team\NDailyRewards\master\files\src\main\java\gq\bxteam\ndailyrewards\data\DataManager.java...
[WARNING] Loading source file E:\VS\benkins\BX-Team\NDailyRewards\master\files\src\main\java\gq\bxteam\ndailyrewards\data\DataType.java...
[WARNING] Loading source file E:\VS\benkins\BX-Team\NDailyRewards\master\files\src\main\java\gq\bxteam\ndailyrewards\data\IDataV2.java...
[WARNING] Loading source file E:\VS\benkins\BX-Team\NDailyRewards\master\files\src\main\java\gq\bxteam\ndailyrewards\gui\ContentType.java...
[WARNING] Loading source file E:\VS\benkins\BX-Team\NDailyRewards\master\files\src\main\java\gq\bxteam\ndailyrewards\gui\GUI.java...
[WARNING] Loading source file E:\VS\benkins\BX-Team\NDailyRewards\master\files\src\main\java\gq\bxteam\ndailyrewards\gui\GUIItem.java...
[WARNING] Loading source file E:\VS\benkins\BX-Team\NDailyRewards\master\files\src\main\java\gq\bxteam\ndailyrewards\gui\GUIUtils.java...
[WARNING] Loading source file E:\VS\benkins\BX-Team\NDailyRewards\master\files\src\main\java\gq\bxteam\ndailyrewards\gui\Pageable.java...
[WARNING] Loading source file E:\VS\benkins\BX-Team\NDailyRewards\master\files\src\main\java\gq\bxteam\ndailyrewards\hooks\external\CitizensHK.java...
[WARNING] Loading source file E:\VS\benkins\BX-Team\NDailyRewards\master\files\src\main\java\gq\bxteam\ndailyrewards\hooks\external\DailyTrait.java...
[WARNING] Loading source file E:\VS\benkins\BX-Team\NDailyRewards\master\files\src\main\java\gq\bxteam\ndailyrewards\hooks\Hook.java...
[WARNING] Loading source file E:\VS\benkins\BX-Team\NDailyRewards\master\files\src\main\java\gq\bxteam\ndailyrewards\hooks\HookManager.java...
[WARNING] Loading source file E:\VS\benkins\BX-Team\NDailyRewards\master\files\src\main\java\gq\bxteam\ndailyrewards\manager\objects\DUser.java...
[WARNING] Loading source file E:\VS\benkins\BX-Team\NDailyRewards\master\files\src\main\java\gq\bxteam\ndailyrewards\manager\objects\Reward.java...
[WARNING] Loading source file E:\VS\benkins\BX-Team\NDailyRewards\master\files\src\main\java\gq\bxteam\ndailyrewards\manager\RewardGUI.java...
[WARNING] Loading source file E:\VS\benkins\BX-Team\NDailyRewards\master\files\src\main\java\gq\bxteam\ndailyrewards\manager\UserManager.java...
[WARNING] Loading source file E:\VS\benkins\BX-Team\NDailyRewards\master\files\src\main\java\gq\bxteam\ndailyrewards\nbt\iface\ReadableNBT.java...
[WARNING] Loading source file E:\VS\benkins\BX-Team\NDailyRewards\master\files\src\main\java\gq\bxteam\ndailyrewards\nbt\iface\ReadableNBTList.java...
[WARNING] Loading source file E:\VS\benkins\BX-Team\NDailyRewards\master\files\src\main\java\gq\bxteam\ndailyrewards\nbt\iface\ReadWriteItemNBT.java...
[WARNING] Loading source file E:\VS\benkins\BX-Team\NDailyRewards\master\files\src\main\java\gq\bxteam\ndailyrewards\nbt\iface\ReadWriteNBT.java...
[WARNING] Loading source file E:\VS\benkins\BX-Team\NDailyRewards\master\files\src\main\java\gq\bxteam\ndailyrewards\nbt\iface\ReadWriteNBTCompoundList.java...
[WARNING] Loading source file E:\VS\benkins\BX-Team\NDailyRewards\master\files\src\main\java\gq\bxteam\ndailyrewards\nbt\iface\ReadWriteNBTList.java...
[WARNING] Loading source file E:\VS\benkins\BX-Team\NDailyRewards\master\files\src\main\java\gq\bxteam\ndailyrewards\nbt\NBT.java...
[WARNING] Loading source file E:\VS\benkins\BX-Team\NDailyRewards\master\files\src\main\java\gq\bxteam\ndailyrewards\nbt\NbtApiException.java...
[WARNING] Loading source file E:\VS\benkins\BX-Team\NDailyRewards\master\files\src\main\java\gq\bxteam\ndailyrewards\nbt\NBTBlock.java...
[WARNING] Loading source file E:\VS\benkins\BX-Team\NDailyRewards\master\files\src\main\java\gq\bxteam\ndailyrewards\nbt\NBTChunk.java...
[WARNING] Loading source file E:\VS\benkins\BX-Team\NDailyRewards\master\files\src\main\java\gq\bxteam\ndailyrewards\nbt\NBTCompound.java...
[WARNING] Loading source file E:\VS\benkins\BX-Team\NDailyRewards\master\files\src\main\java\gq\bxteam\ndailyrewards\nbt\NBTCompoundList.java...
[WARNING] Loading source file E:\VS\benkins\BX-Team\NDailyRewards\master\files\src\main\java\gq\bxteam\ndailyrewards\nbt\NBTContainer.java...
[WARNING] Loading source file E:\VS\benkins\BX-Team\NDailyRewards\master\files\src\main\java\gq\bxteam\ndailyrewards\nbt\NBTDoubleList.java...
[WARNING] Loading source file E:\VS\benkins\BX-Team\NDailyRewards\master\files\src\main\java\gq\bxteam\ndailyrewards\nbt\NBTEntity.java...
[WARNING] Loading source file E:\VS\benkins\BX-Team\NDailyRewards\master\files\src\main\java\gq\bxteam\ndailyrewards\nbt\NBTFile.java...
[WARNING] Loading source file E:\VS\benkins\BX-Team\NDailyRewards\master\files\src\main\java\gq\bxteam\ndailyrewards\nbt\NBTFloatList.java...
[WARNING] Loading source file E:\VS\benkins\BX-Team\NDailyRewards\master\files\src\main\java\gq\bxteam\ndailyrewards\nbt\NBTGameProfile.java...
[WARNING] Loading source file E:\VS\benkins\BX-Team\NDailyRewards\master\files\src\main\java\gq\bxteam\ndailyrewards\nbt\NBTIntArrayList.java...
[WARNING] Loading source file E:\VS\benkins\BX-Team\NDailyRewards\master\files\src\main\java\gq\bxteam\ndailyrewards\nbt\NBTIntegerList.java...
[WARNING] Loading source file E:\VS\benkins\BX-Team\NDailyRewards\master\files\src\main\java\gq\bxteam\ndailyrewards\nbt\NBTItem.java...
[WARNING] Loading source file E:\VS\benkins\BX-Team\NDailyRewards\master\files\src\main\java\gq\bxteam\ndailyrewards\nbt\NBTList.java...
[WARNING] Loading source file E:\VS\benkins\BX-Team\NDailyRewards\master\files\src\main\java\gq\bxteam\ndailyrewards\nbt\NBTListCompound.java...
[WARNING] Loading source file E:\VS\benkins\BX-Team\NDailyRewards\master\files\src\main\java\gq\bxteam\ndailyrewards\nbt\NBTLongList.java...
[WARNING] Loading source file E:\VS\benkins\BX-Team\NDailyRewards\master\files\src\main\java\gq\bxteam\ndailyrewards\nbt\NBTPersistentDataContainer.java...
[WARNING] Loading source file E:\VS\benkins\BX-Team\NDailyRewards\master\files\src\main\java\gq\bxteam\ndailyrewards\nbt\NBTReflectionUtil.java...
[WARNING] Loading source file E:\VS\benkins\BX-Team\NDailyRewards\master\files\src\main\java\gq\bxteam\ndailyrewards\nbt\NBTStringList.java...
[WARNING] Loading source file E:\VS\benkins\BX-Team\NDailyRewards\master\files\src\main\java\gq\bxteam\ndailyrewards\nbt\NBTTileEntity.java...
[WARNING] Loading source file E:\VS\benkins\BX-Team\NDailyRewards\master\files\src\main\java\gq\bxteam\ndailyrewards\nbt\NBTType.java...
[WARNING] Loading source file E:\VS\benkins\BX-Team\NDailyRewards\master\files\src\main\java\gq\bxteam\ndailyrewards\nbt\NBTUUIDList.java...
[WARNING] Loading source file E:\VS\benkins\BX-Team\NDailyRewards\master\files\src\main\java\gq\bxteam\ndailyrewards\nbt\utils\annotations\AvailableSince.java...
[WARNING] Loading source file E:\VS\benkins\BX-Team\NDailyRewards\master\files\src\main\java\gq\bxteam\ndailyrewards\nbt\utils\annotations\CheckUtil.java...
[WARNING] Loading source file E:\VS\benkins\BX-Team\NDailyRewards\master\files\src\main\java\gq\bxteam\ndailyrewards\nbt\utils\ApiMetricsLite.java...
[WARNING] Loading source file E:\VS\benkins\BX-Team\NDailyRewards\master\files\src\main\java\gq\bxteam\ndailyrewards\nbt\utils\GsonWrapper.java...
[WARNING] Loading source file E:\VS\benkins\BX-Team\NDailyRewards\master\files\src\main\java\gq\bxteam\ndailyrewards\nbt\utils\MinecraftVersion.java...
[WARNING] Loading source file E:\VS\benkins\BX-Team\NDailyRewards\master\files\src\main\java\gq\bxteam\ndailyrewards\nbt\utils\nmsmappings\ClassWrapper.java...
[WARNING] Loading source file E:\VS\benkins\BX-Team\NDailyRewards\master\files\src\main\java\gq\bxteam\ndailyrewards\nbt\utils\nmsmappings\Forge1710Mappings.java...
[WARNING] Loading source file E:\VS\benkins\BX-Team\NDailyRewards\master\files\src\main\java\gq\bxteam\ndailyrewards\nbt\utils\nmsmappings\MojangToMapping.java...
[WARNING] Loading source file E:\VS\benkins\BX-Team\NDailyRewards\master\files\src\main\java\gq\bxteam\ndailyrewards\nbt\utils\nmsmappings\ObjectCreator.java...
[WARNING] Loading source file E:\VS\benkins\BX-Team\NDailyRewards\master\files\src\main\java\gq\bxteam\ndailyrewards\nbt\utils\nmsmappings\PackageWrapper.java...
[WARNING] Loading source file E:\VS\benkins\BX-Team\NDailyRewards\master\files\src\main\java\gq\bxteam\ndailyrewards\nbt\utils\nmsmappings\ReflectionMethod.java...
[WARNING] Loading source file E:\VS\benkins\BX-Team\NDailyRewards\master\files\src\main\java\gq\bxteam\ndailyrewards\nbt\utils\ReflectionUtil.java...
[WARNING] Loading source file E:\VS\benkins\BX-Team\NDailyRewards\master\files\src\main\java\gq\bxteam\ndailyrewards\nbt\utils\UUIDUtil.java...
[WARNING] Loading source file E:\VS\benkins\BX-Team\NDailyRewards\master\files\src\main\java\gq\bxteam\ndailyrewards\nbt\utils\VersionChecker.java...
[WARNING] Loading source file E:\VS\benkins\BX-Team\NDailyRewards\master\files\src\main\java\gq\bxteam\ndailyrewards\NDailyRewards.java...
[WARNING] Loading source file E:\VS\benkins\BX-Team\NDailyRewards\master\files\src\main\java\gq\bxteam\ndailyrewards\tasks\SaveTask.java...
[WARNING] Loading source file E:\VS\benkins\BX-Team\NDailyRewards\master\files\src\main\java\gq\bxteam\ndailyrewards\utils\ArchUtils.java...
[WARNING] Loading source file E:\VS\benkins\BX-Team\NDailyRewards\master\files\src\main\java\gq\bxteam\ndailyrewards\utils\Files.java...
[WARNING] Loading source file E:\VS\benkins\BX-Team\NDailyRewards\master\files\src\main\java\gq\bxteam\ndailyrewards\utils\logs\LogType.java...
[WARNING] Loading source file E:\VS\benkins\BX-Team\NDailyRewards\master\files\src\main\java\gq\bxteam\ndailyrewards\utils\logs\LogUtil.java...
[WARNING] Loading source file E:\VS\benkins\BX-Team\NDailyRewards\master\files\src\main\java\gq\bxteam\ndailyrewards\utils\MethodNames.java...
[WARNING] Loading source file E:\VS\benkins\BX-Team\NDailyRewards\master\files\src\main\java\gq\bxteam\ndailyrewards\utils\metrics\Metrics.java...
[WARNING] Loading source files for package gq.bxteam.ndailyrewards...
[WARNING] Loading source files for package gq.bxteam.ndailyrewards.cfg...
[WARNING] Loading source files for package gq.bxteam.ndailyrewards.cmds...
[WARNING] Loading source files for package gq.bxteam.ndailyrewards.cmds.list...
[WARNING] Loading source files for package gq.bxteam.ndailyrewards.data...
[WARNING] Loading source files for package gq.bxteam.ndailyrewards.gui...
[WARNING] Loading source files for package gq.bxteam.ndailyrewards.hooks.external...
[WARNING] Loading source files for package gq.bxteam.ndailyrewards.hooks...
[WARNING] Loading source files for package gq.bxteam.ndailyrewards.manager.objects...
[WARNING] Loading source files for package gq.bxteam.ndailyrewards.manager...
[WARNING] Loading source files for package gq.bxteam.ndailyrewards.nbt.iface...
[WARNING] Loading source files for package gq.bxteam.ndailyrewards.nbt...
[WARNING] Loading source files for package gq.bxteam.ndailyrewards.nbt.utils.annotations...
[WARNING] Loading source files for package gq.bxteam.ndailyrewards.nbt.utils...
[WARNING] Loading source files for package gq.bxteam.ndailyrewards.nbt.utils.nmsmappings...
[WARNING] Loading source files for package gq.bxteam.ndailyrewards.tasks...
[WARNING] Loading source files for package gq.bxteam.ndailyrewards.utils...
[WARNING] Loading source files for package gq.bxteam.ndailyrewards.utils.logs...
[WARNING] Loading source files for package gq.bxteam.ndailyrewards.utils.metrics...
[WARNING] Constructing Javadoc information...
[WARNING] warning: The code being documented uses modules but the packages defined in https://docs.oracle.com/javase/8/docs/api/ are in the unnamed module.
[WARNING] Building index for all the packages and classes...
[WARNING] Standard Doclet version 17.0.2+8-LTS-86
[WARNING] Building tree for all the packages and classes...
[WARNING] E:\VS\benkins\BX-Team\NDailyRewards\master\files\src\main\java\gq\bxteam\ndailyrewards\nbt\NBTList.java:21: warning: no description for @param
[WARNING] * @param <T>
[WARNING] ^
[WARNING] Generating E:\VS\benkins\BX-Team\NDailyRewards\master\files\target\apidocs\gq\bxteam\ndailyrewards\AbstractListener.html...
[WARNING] E:\VS\benkins\BX-Team\NDailyRewards\master\files\src\main\java\gq\bxteam\ndailyrewards\AbstractListener.java:7: warning: no comment
[WARNING] public abstract class AbstractListener<P extends Plugin> implements Listener
[WARNING] ^
[WARNING] E:\VS\benkins\BX-Team\NDailyRewards\master\files\src\main\java\gq\bxteam\ndailyrewards\AbstractListener.java:9: warning: no comment
[WARNING] public final P plugin;
[WARNING] ^
[WARNING] E:\VS\benkins\BX-Team\NDailyRewards\master\files\src\main\java\gq\bxteam\ndailyrewards\AbstractListener.java:11: warning: no comment
[WARNING] public AbstractListener(final P plugin) {
[WARNING] ^
[WARNING] E:\VS\benkins\BX-Team\NDailyRewards\master\files\src\main\java\gq\bxteam\ndailyrewards\AbstractListener.java:15: warning: no comment
[WARNING] public void registerListeners() {
[WARNING] ^
[WARNING] E:\VS\benkins\BX-Team\NDailyRewards\master\files\src\main\java\gq\bxteam\ndailyrewards\AbstractListener.java:19: warning: no comment
[WARNING] public void unregisterListeners() {
[WARNING] ^
[WARNING] Generating E:\VS\benkins\BX-Team\NDailyRewards\master\files\target\apidocs\gq\bxteam\ndailyrewards\nbt\utils\ApiMetricsLite.html...
[WARNING] E:\VS\benkins\BX-Team\NDailyRewards\master\files\src\main\java\gq\bxteam\ndailyrewards\nbt\utils\ApiMetricsLite.java:42: warning: no comment
[WARNING] public static final int B_STATS_VERSION = 1;
[WARNING] ^
[WARNING] E:\VS\benkins\BX-Team\NDailyRewards\master\files\src\main\java\gq\bxteam\ndailyrewards\nbt\utils\ApiMetricsLite.java:45: warning: no comment
[WARNING] public static final int NBT_BSTATS_VERSION = 1;
[WARNING] ^
[WARNING] Generating E:\VS\benkins\BX-Team\NDailyRewards\master\files\target\apidocs\gq\bxteam\ndailyrewards\utils\ArchUtils.html...
[WARNING] E:\VS\benkins\BX-Team\NDailyRewards\master\files\src\main\java\gq\bxteam\ndailyrewards\utils\ArchUtils.java:22: warning: no comment
[WARNING] public class ArchUtils
[WARNING] ^
[WARNING] E:\VS\benkins\BX-Team\NDailyRewards\master\files\src\main\java\gq\bxteam\ndailyrewards\utils\ArchUtils.java:24: warning: no comment
[WARNING] public static Random r;
[WARNING] ^
[WARNING] E:\VS\benkins\BX-Team\NDailyRewards\master\files\src\main\java\gq\bxteam\ndailyrewards\utils\ArchUtils.java:62: warning: no comment
[WARNING] public static void addItem(final Player p, final ItemStack item) {
[WARNING] ^
[WARNING] E:\VS\benkins\BX-Team\NDailyRewards\master\files\src\main\java\gq\bxteam\ndailyrewards\utils\ArchUtils.java:71: warning: no comment
[WARNING] public static ItemStack buildItem(final String s) {
[WARNING] ^
[WARNING] E:\VS\benkins\BX-Team\NDailyRewards\master\files\src\main\java\gq\bxteam\ndailyrewards\utils\ArchUtils.java:41: warning: no comment
[WARNING] public static void execCmd(String cmd, final Player p) {
[WARNING] ^
[WARNING] E:\VS\benkins\BX-Team\NDailyRewards\master\files\src\main\java\gq\bxteam\ndailyrewards\utils\ArchUtils.java:138: warning: no comment
[WARNING] public static ItemStack getHashed(final ItemStack item, final String hash, final String id) {
[WARNING] ^
[WARNING] E:\VS\benkins\BX-Team\NDailyRewards\master\files\src\main\java\gq\bxteam\ndailyrewards\utils\ArchUtils.java:162: warning: no comment
[WARNING] public static String getHashOf(final ItemStack item) {
[WARNING] ^
[WARNING] E:\VS\benkins\BX-Team\NDailyRewards\master\files\src\main\java\gq\bxteam\ndailyrewards\utils\ArchUtils.java:30: warning: no comment
[WARNING] public static List<String> getSugg(final String arg, final List<String> source) {
[WARNING] ^
[WARNING] E:\VS\benkins\BX-Team\NDailyRewards\master\files\src\main\java\gq\bxteam\ndailyrewards\utils\ArchUtils.java:106: warning: no comment
[WARNING] public static String getTime(final long time) {
[WARNING] ^
[WARNING] E:\VS\benkins\BX-Team\NDailyRewards\master\files\src\main\java\gq\bxteam\ndailyrewards\utils\ArchUtils.java:102: warning: no comment
[WARNING] public static String getTimeLeft(final long until) {
[WARNING] ^
[WARNING] E:\VS\benkins\BX-Team\NDailyRewards\master\files\src\main\java\gq\bxteam\ndailyrewards\utils\ArchUtils.java:97: warning: no comment
[WARNING] public static String getTimeLeft(final long max, final long min) {
[WARNING] ^
[WARNING] E:\VS\benkins\BX-Team\NDailyRewards\master\files\src\main\java\gq\bxteam\ndailyrewards\utils\ArchUtils.java:134: warning: no comment
[WARNING] public static String oneSpace(final String s) {
[WARNING] ^
[WARNING] E:\VS\benkins\BX-Team\NDailyRewards\master\files\src\main\java\gq\bxteam\ndailyrewards\utils\ArchUtils.java:89: warning: no comment
[WARNING] public static int randInt(int min, int max) {
[WARNING] ^
[WARNING] Generating E:\VS\benkins\BX-Team\NDailyRewards\master\files\target\apidocs\gq\bxteam\ndailyrewards\nbt\utils\annotations\AvailableSince.html...
[WARNING] E:\VS\benkins\BX-Team\NDailyRewards\master\files\src\main\java\gq\bxteam\ndailyrewards\nbt\utils\annotations\AvailableSince.java:13: warning: no comment
[WARNING] public @interface AvailableSince {
[WARNING] ^
[WARNING] E:\VS\benkins\BX-Team\NDailyRewards\master\files\src\main\java\gq\bxteam\ndailyrewards\nbt\utils\annotations\AvailableSince.java:15: warning: no comment
[WARNING] MinecraftVersion version();
[WARNING] ^
[WARNING] Generating E:\VS\benkins\BX-Team\NDailyRewards\master\files\target\apidocs\gq\bxteam\ndailyrewards\nbt\utils\annotations\CheckUtil.html...
[WARNING] E:\VS\benkins\BX-Team\NDailyRewards\master\files\src\main\java\gq\bxteam\ndailyrewards\nbt\utils\annotations\CheckUtil.java:8: warning: no comment
[WARNING] public class CheckUtil {
[WARNING] ^
[WARNING] E:\VS\benkins\BX-Team\NDailyRewards\master\files\src\main\java\gq\bxteam\ndailyrewards\nbt\utils\annotations\CheckUtil.java:10: warning: no comment
[WARNING] public static boolean isAvaliable(Method method) {
[WARNING] ^
[WARNING] Generating E:\VS\benkins\BX-Team\NDailyRewards\master\files\target\apidocs\gq\bxteam\ndailyrewards\hooks\external\CitizensHK.html...
[WARNING] E:\VS\benkins\BX-Team\NDailyRewards\master\files\src\main\java\gq\bxteam\ndailyrewards\hooks\external\CitizensHK.java:6: warning: no comment
[WARNING] public class CitizensHK
[WARNING] ^
[WARNING] E:\VS\benkins\BX-Team\NDailyRewards\master\files\src\main\java\gq\bxteam\ndailyrewards\hooks\external\CitizensHK.java:8: warning: no comment
[WARNING] public static void setup() {
[WARNING] ^
[WARNING] Generating E:\VS\benkins\BX-Team\NDailyRewards\master\files\target\apidocs\gq\bxteam\ndailyrewards\nbt\utils\nmsmappings\ClassWrapper.html...
[WARNING] E:\VS\benkins\BX-Team\NDailyRewards\master\files\src\main\java\gq\bxteam\ndailyrewards\nbt\utils\nmsmappings\ClassWrapper.java:19: warning: no comment
[WARNING] CRAFT_ENTITY(PackageWrapper.CRAFTBUKKIT, "entity.CraftEntity", null, null),
[WARNING] ^
[WARNING] E:\VS\benkins\BX-Team\NDailyRewards\master\files\src\main\java\gq\bxteam\ndailyrewards\nbt\utils\nmsmappings\ClassWrapper.java:17: warning: no comment
[WARNING] CRAFT_ITEMSTACK(PackageWrapper.CRAFTBUKKIT, "inventory.CraftItemStack", null, null),
[WARNING] ^
[WARNING] E:\VS\benkins\BX-Team\NDailyRewards\master\files\src\main\java\gq\bxteam\ndailyrewards\nbt\utils\nmsmappings\ClassWrapper.java:18: warning: no comment
[WARNING] CRAFT_METAITEM(PackageWrapper.CRAFTBUKKIT, "inventory.CraftMetaItem", null, null),
[WARNING] ^
[WARNING] E:\VS\benkins\BX-Team\NDailyRewards\master\files\src\main\java\gq\bxteam\ndailyrewards\nbt\utils\nmsmappings\ClassWrapper.java:21: warning: no comment
[WARNING] CRAFT_PERSISTENTDATACONTAINER(PackageWrapper.CRAFTBUKKIT, "persistence.CraftPersistentDataContainer",
[WARNING] ^
[WARNING] E:\VS\benkins\BX-Team\NDailyRewards\master\files\src\main\java\gq\bxteam\ndailyrewards\nbt\utils\nmsmappings\ClassWrapper.java:20: warning: no comment
[WARNING] CRAFT_WORLD(PackageWrapper.CRAFTBUKKIT, "CraftWorld", null, null),
[WARNING] ^
[WARNING] E:\VS\benkins\BX-Team\NDailyRewards\master\files\src\main\java\gq\bxteam\ndailyrewards\nbt\utils\nmsmappings\ClassWrapper.java:65: warning: no comment
[WARNING] GAMEPROFILE(PackageWrapper.NONE, "com.mojang.authlib.GameProfile", MinecraftVersion.MC1_8_R3, null);
[WARNING] ^
[WARNING] E:\VS\benkins\BX-Team\NDailyRewards\master\files\src\main\java\gq\bxteam\ndailyrewards\nbt\utils\nmsmappings\ClassWrapper.java:44: warning: no comment
[WARNING] NMS_BLOCKPOSITION(PackageWrapper.NMS, "BlockPosition", MinecraftVersion.MC1_8_R3, null, "net.minecraft.core",
[WARNING] ^
[WARNING] E:\VS\benkins\BX-Team\NDailyRewards\master\files\src\main\java\gq\bxteam\ndailyrewards\nbt\utils\nmsmappings\ClassWrapper.java:51: warning: no comment
[WARNING] NMS_ENTITY(PackageWrapper.NMS, "Entity", null, null, "net.minecraft.world.entity",
[WARNING] ^
[WARNING] E:\VS\benkins\BX-Team\NDailyRewards\master\files\src\main\java\gq\bxteam\ndailyrewards\nbt\utils\nmsmappings\ClassWrapper.java:53: warning: no comment
[WARNING] NMS_ENTITYTYPES(PackageWrapper.NMS, "EntityTypes", null, null, "net.minecraft.world.entity",
[WARNING] ^
[WARNING] E:\VS\benkins\BX-Team\NDailyRewards\master\files\src\main\java\gq\bxteam\ndailyrewards\nbt\utils\nmsmappings\ClassWrapper.java:61: warning: no comment
[WARNING] NMS_GAMEPROFILESERIALIZER(PackageWrapper.NMS, "GameProfileSerializer", null, null, "net.minecraft.nbt",
[WARNING] ^
[WARNING] E:\VS\benkins\BX-Team\NDailyRewards\master\files\src\main\java\gq\bxteam\ndailyrewards\nbt\utils\nmsmappings\ClassWrapper.java:63: warning: no comment
[WARNING] NMS_IBLOCKDATA(PackageWrapper.NMS, "IBlockData", MinecraftVersion.MC1_8_R3, null,
[WARNING] ^
[WARNING] E:\VS\benkins\BX-Team\NDailyRewards\master\files\src\main\java\gq\bxteam\ndailyrewards\nbt\utils\nmsmappings\ClassWrapper.java:58: warning: no comment
[WARNING] NMS_IREGISTRY(PackageWrapper.NMS, "IRegistry", null, null, "net.minecraft.core", "net.minecraft.core.Registry"),
[WARNING] ^
[WARNING] E:\VS\benkins\BX-Team\NDailyRewards\master\files\src\main\java\gq\bxteam\ndailyrewards\nbt\utils\nmsmappings\ClassWrapper.java:33: warning: no comment
[WARNING] NMS_ITEMSTACK(PackageWrapper.NMS, "ItemStack", null, null, "net.minecraft.world.item",
[WARNING] ^
[WARNING] E:\VS\benkins\BX-Team\NDailyRewards\master\files\src\main\java\gq\bxteam\ndailyrewards\nbt\utils\nmsmappings\ClassWrapper.java:59: warning: no comment
[WARNING] NMS_MINECRAFTKEY(PackageWrapper.NMS, "MinecraftKey", MinecraftVersion.MC1_8_R3, null, "net.minecraft.resources",
[WARNING] ^
[WARNING] E:\VS\benkins\BX-Team\NDailyRewards\master\files\src\main\java\gq\bxteam\ndailyrewards\nbt\utils\nmsmappings\ClassWrapper.java:48: warning: no comment
[WARNING] NMS_MINECRAFTSERVER(PackageWrapper.NMS, "MinecraftServer", null, null, "net.minecraft.server",
[WARNING] ^
[WARNING] E:\VS\benkins\BX-Team\NDailyRewards\master\files\src\main\java\gq\bxteam\ndailyrewards\nbt\utils\nmsmappings\ClassWrapper.java:40: warning: no comment
[WARNING] NMS_MOJANGSONPARSER(PackageWrapper.NMS, "MojangsonParser", null, null, "net.minecraft.nbt",
[WARNING] ^
[WARNING] E:\VS\benkins\BX-Team\NDailyRewards\master\files\src\main\java\gq\bxteam\ndailyrewards\nbt\utils\nmsmappings\ClassWrapper.java:23: warning: no comment
[WARNING] NMS_NBTBASE(PackageWrapper.NMS, "NBTBase", null, null, "net.minecraft.nbt", "net.minecraft.nbt.Tag"),
[WARNING] ^
[WARNING] E:\VS\benkins\BX-Team\NDailyRewards\master\files\src\main\java\gq\bxteam\ndailyrewards\nbt\utils\nmsmappings\ClassWrapper.java:38: warning: no comment
[WARNING] NMS_NBTCOMPRESSEDSTREAMTOOLS(PackageWrapper.NMS, "NBTCompressedStreamTools", null, null, "net.minecraft.nbt",
[WARNING] ^
[WARNING] E:\VS\benkins\BX-Team\NDailyRewards\master\files\src\main\java\gq\bxteam\ndailyrewards\nbt\utils\nmsmappings\ClassWrapper.java:35: warning: no comment
[WARNING] NMS_NBTTAGCOMPOUND(PackageWrapper.NMS, "NBTTagCompound", null, null, "net.minecraft.nbt",
[WARNING] ^
[WARNING] E:\VS\benkins\BX-Team\NDailyRewards\master\files\src\main\java\gq\bxteam\ndailyrewards\nbt\utils\nmsmappings\ClassWrapper.java:30: warning: no comment
[WARNING] NMS_NBTTAGDOUBLE(PackageWrapper.NMS, "NBTTagDouble", null, null, "net.minecraft.nbt",
[WARNING] ^
[WARNING] E:\VS\benkins\BX-Team\NDailyRewards\master\files\src\main\java\gq\bxteam\ndailyrewards\nbt\utils\nmsmappings\ClassWrapper.java:29: warning: no comment
[WARNING] NMS_NBTTAGFLOAT(PackageWrapper.NMS, "NBTTagFloat", null, null, "net.minecraft.nbt", "net.minecraft.nbt.FloatTag"),
[WARNING] ^
[WARNING] E:\VS\benkins\BX-Team\NDailyRewards\master\files\src\main\java\gq\bxteam\ndailyrewards\nbt\utils\nmsmappings\ClassWrapper.java:26: warning: no comment
[WARNING] NMS_NBTTAGINT(PackageWrapper.NMS, "NBTTagInt", null, null, "net.minecraft.nbt", "net.minecraft.nbt.IntTag"),
[WARNING] ^
[WARNING] E:\VS\benkins\BX-Team\NDailyRewards\master\files\src\main\java\gq\bxteam\ndailyrewards\nbt\utils\nmsmappings\ClassWrapper.java:27: warning: no comment
[WARNING] NMS_NBTTAGINTARRAY(PackageWrapper.NMS, "NBTTagIntArray", null, null, "net.minecraft.nbt",
[WARNING] ^
[WARNING] E:\VS\benkins\BX-Team\NDailyRewards\master\files\src\main\java\gq\bxteam\ndailyrewards\nbt\utils\nmsmappings\ClassWrapper.java:37: warning: no comment
[WARNING] NMS_NBTTAGLIST(PackageWrapper.NMS, "NBTTagList", null, null, "net.minecraft.nbt", "net.minecraft.nbt.ListTag"),
[WARNING] ^
[WARNING] E:\VS\benkins\BX-Team\NDailyRewards\master\files\src\main\java\gq\bxteam\ndailyrewards\nbt\utils\nmsmappings\ClassWrapper.java:32: warning: no comment
[WARNING] NMS_NBTTAGLONG(PackageWrapper.NMS, "NBTTagLong", null, null, "net.minecraft.nbt", "net.minecraft.nbt.LongTag"),
[WARNING] ^
[WARNING] E:\VS\benkins\BX-Team\NDailyRewards\master\files\src\main\java\gq\bxteam\ndailyrewards\nbt\utils\nmsmappings\ClassWrapper.java:24: warning: no comment
[WARNING] NMS_NBTTAGSTRING(PackageWrapper.NMS, "NBTTagString", null, null, "net.minecraft.nbt",
[WARNING] ^
[WARNING] E:\VS\benkins\BX-Team\NDailyRewards\master\files\src\main\java\gq\bxteam\ndailyrewards\nbt\utils\nmsmappings\ClassWrapper.java:56: warning: no comment
[WARNING] NMS_REGISTRYMATERIALS(PackageWrapper.NMS, "RegistryMaterials", null, null, "net.minecraft.core",
[WARNING] ^
[WARNING] E:\VS\benkins\BX-Team\NDailyRewards\master\files\src\main\java\gq\bxteam\ndailyrewards\nbt\utils\nmsmappings\ClassWrapper.java:55: warning: no comment
[WARNING] NMS_REGISTRYSIMPLE(PackageWrapper.NMS, "RegistrySimple", MinecraftVersion.MC1_11_R1, MinecraftVersion.MC1_12_R1),
[WARNING] ^
[WARNING] E:\VS\benkins\BX-Team\NDailyRewards\master\files\src\main\java\gq\bxteam\ndailyrewards\nbt\utils\nmsmappings\ClassWrapper.java:42: warning: no comment
[WARNING] NMS_TILEENTITY(PackageWrapper.NMS, "TileEntity", null, null, "net.minecraft.world.level.block.entity",
[WARNING] ^
[WARNING] E:\VS\benkins\BX-Team\NDailyRewards\master\files\src\main\java\gq\bxteam\ndailyrewards\nbt\utils\nmsmappings\ClassWrapper.java:50: warning: no comment
[WARNING] NMS_WORLD(PackageWrapper.NMS, "World", null, null, "net.minecraft.world.level", "net.minecraft.world.level.Level"),
[WARNING] ^
[WARNING] E:\VS\benkins\BX-Team\NDailyRewards\master\files\src\main\java\gq\bxteam\ndailyrewards\nbt\utils\nmsmappings\ClassWrapper.java:46: warning: no comment
[WARNING] NMS_WORLDSERVER(PackageWrapper.NMS, "WorldServer", null, null, "net.minecraft.server.level",
[WARNING] ^
[WARNING] Generating E:\VS\benkins\BX-Team\NDailyRewards\master\files\target\apidocs\gq\bxteam\ndailyrewards\cmds\CommandManager.html...
[WARNING] E:\VS\benkins\BX-Team\NDailyRewards\master\files\src\main\java\gq\bxteam\ndailyrewards\cmds\CommandManager.java:22: warning: no comment
[WARNING] public class CommandManager implements CommandExecutor, TabExecutor
[WARNING] ^
[WARNING] E:\VS\benkins\BX-Team\NDailyRewards\master\files\src\main\java\gq\bxteam\ndailyrewards\cmds\CommandManager.java:28: warning: no comment
[WARNING] public CommandManager(final NDailyRewards plugin) {
[WARNING] ^
[WARNING] E:\VS\benkins\BX-Team\NDailyRewards\master\files\src\main\java\gq\bxteam\ndailyrewards\cmds\CommandManager.java:48: warning: no comment
[WARNING] public Collection<ICmd> getCommands() {
[WARNING] ^
[WARNING] E:\VS\benkins\BX-Team\NDailyRewards\master\files\src\main\java\gq\bxteam\ndailyrewards\cmds\CommandManager.java:44: warning: no comment
[WARNING] public void register(final ICmd cmd) {
[WARNING] ^
[WARNING] E:\VS\benkins\BX-Team\NDailyRewards\master\files\src\main\java\gq\bxteam\ndailyrewards\cmds\CommandManager.java:32: warning: no comment
[WARNING] public void setup() {
[WARNING] ^
[WARNING] E:\VS\benkins\BX-Team\NDailyRewards\master\files\src\main\java\gq\bxteam\ndailyrewards\cmds\CommandManager.java:40: warning: no comment
[WARNING] public void shutdown() {
[WARNING] ^
[WARNING] Generating E:\VS\benkins\BX-Team\NDailyRewards\master\files\target\apidocs\gq\bxteam\ndailyrewards\cfg\Config.html...
[WARNING] E:\VS\benkins\BX-Team\NDailyRewards\master\files\src\main\java\gq\bxteam\ndailyrewards\cfg\Config.java:14: warning: no comment
[WARNING] public class Config
[WARNING] ^
[WARNING] E:\VS\benkins\BX-Team\NDailyRewards\master\files\src\main\java\gq\bxteam\ndailyrewards\cfg\Config.java:28: warning: no comment
[WARNING] public static boolean cfgver;
[WARNING] ^
[WARNING] E:\VS\benkins\BX-Team\NDailyRewards\master\files\src\main\java\gq\bxteam\ndailyrewards\cfg\Config.java:17: warning: no comment
[WARNING] public static int data_save;
[WARNING] ^
[WARNING] E:\VS\benkins\BX-Team\NDailyRewards\master\files\src\main\java\gq\bxteam\ndailyrewards\cfg\Config.java:22: warning: no comment
[WARNING] public static String ms_base;
[WARNING] ^
[WARNING] E:\VS\benkins\BX-Team\NDailyRewards\master\files\src\main\java\gq\bxteam\ndailyrewards\cfg\Config.java:21: warning: no comment
[WARNING] public static String ms_host;
[WARNING] ^
[WARNING] E:\VS\benkins\BX-Team\NDailyRewards\master\files\src\main\java\gq\bxteam\ndailyrewards\cfg\Config.java:19: warning: no comment
[WARNING] public static String ms_login;
[WARNING] ^
[WARNING] E:\VS\benkins\BX-Team\NDailyRewards\master\files\src\main\java\gq\bxteam\ndailyrewards\cfg\Config.java:20: warning: no comment
[WARNING] public static String ms_pass;
[WARNING] ^
[WARNING] E:\VS\benkins\BX-Team\NDailyRewards\master\files\src\main\java\gq\bxteam\ndailyrewards\cfg\Config.java:23: warning: no comment
[WARNING] public static boolean ms_purge;
[WARNING] ^
[WARNING] E:\VS\benkins\BX-Team\NDailyRewards\master\files\src\main\java\gq\bxteam\ndailyrewards\cfg\Config.java:24: warning: no comment
[WARNING] public static int ms_purge_days;
[WARNING] ^
[WARNING] E:\VS\benkins\BX-Team\NDailyRewards\master\files\src\main\java\gq\bxteam\ndailyrewards\cfg\Config.java:26: warning: no comment
[WARNING] public static boolean opt_auto_have;
[WARNING] ^
[WARNING] E:\VS\benkins\BX-Team\NDailyRewards\master\files\src\main\java\gq\bxteam\ndailyrewards\cfg\Config.java:25: warning: no comment
[WARNING] public static boolean opt_auto_is;
[WARNING] ^
[WARNING] E:\VS\benkins\BX-Team\NDailyRewards\master\files\src\main\java\gq\bxteam\ndailyrewards\cfg\Config.java:29: warning: no comment
[WARNING] public static int opt_cd;
[WARNING] ^
[WARNING] E:\VS\benkins\BX-Team\NDailyRewards\master\files\src\main\java\gq\bxteam\ndailyrewards\cfg\Config.java:30: warning: no comment
[WARNING] public static int opt_days_row;
[WARNING] ^
[WARNING] E:\VS\benkins\BX-Team\NDailyRewards\master\files\src\main\java\gq\bxteam\ndailyrewards\cfg\Config.java:27: warning: no comment
[WARNING] public static boolean opt_midnight;
[WARNING] ^
[WARNING] E:\VS\benkins\BX-Team\NDailyRewards\master\files\src\main\java\gq\bxteam\ndailyrewards\cfg\Config.java:31: warning: no comment
[WARNING] public static Map<Integer, Reward> rewards;
[WARNING] ^
[WARNING] E:\VS\benkins\BX-Team\NDailyRewards\master\files\src\main\java\gq\bxteam\ndailyrewards\cfg\Config.java:32: warning: no comment
[WARNING] public static RewardGUI rewards_gui;
[WARNING] ^
[WARNING] E:\VS\benkins\BX-Team\NDailyRewards\master\files\src\main\java\gq\bxteam\ndailyrewards\cfg\Config.java:18: warning: no comment
[WARNING] public static DataType storage;
[WARNING] ^
[WARNING] E:\VS\benkins\BX-Team\NDailyRewards\master\files\src\main\java\gq\bxteam\ndailyrewards\cfg\Config.java:104: warning: no comment
[WARNING] public static Reward getRewardByDay(final int day) {
[WARNING] ^
[WARNING] E:\VS\benkins\BX-Team\NDailyRewards\master\files\src\main\java\gq\bxteam\ndailyrewards\cfg\Config.java:34: warning: no comment
[WARNING] public static void setup(final MyConfig mc) {
[WARNING] ^
[WARNING] Generating E:\VS\benkins\BX-Team\NDailyRewards\master\files\target\apidocs\gq\bxteam\ndailyrewards\cfg\ConfigManager.html...
[WARNING] E:\VS\benkins\BX-Team\NDailyRewards\master\files\src\main\java\gq\bxteam\ndailyrewards\cfg\ConfigManager.java:5: warning: no comment
[WARNING] public class ConfigManager
[WARNING] ^
[WARNING] E:\VS\benkins\BX-Team\NDailyRewards\master\files\src\main\java\gq\bxteam\ndailyrewards\cfg\ConfigManager.java:8: warning: no comment
[WARNING] public MyConfig configLang;
[WARNING] ^
[WARNING] E:\VS\benkins\BX-Team\NDailyRewards\master\files\src\main\java\gq\bxteam\ndailyrewards\cfg\ConfigManager.java:9: warning: no comment
[WARNING] public MyConfig configMain;
[WARNING] ^
[WARNING] E:\VS\benkins\BX-Team\NDailyRewards\master\files\src\main\java\gq\bxteam\ndailyrewards\cfg\ConfigManager.java:11: warning: no comment
[WARNING] public ConfigManager(final NDailyRewards plugin) {
[WARNING] ^
[WARNING] E:\VS\benkins\BX-Team\NDailyRewards\master\files\src\main\java\gq\bxteam\ndailyrewards\cfg\ConfigManager.java:15: warning: no comment
[WARNING] public void setup() {
[WARNING] ^
[WARNING] Generating E:\VS\benkins\BX-Team\NDailyRewards\master\files\target\apidocs\gq\bxteam\ndailyrewards\gui\ContentType.html...
[WARNING] E:\VS\benkins\BX-Team\NDailyRewards\master\files\src\main\java\gq\bxteam\ndailyrewards\gui\ContentType.java:3: warning: no comment
[WARNING] public enum ContentType
[WARNING] ^
[WARNING] E:\VS\benkins\BX-Team\NDailyRewards\master\files\src\main\java\gq\bxteam\ndailyrewards\gui\ContentType.java:6: warning: no comment
[WARNING] BACK("BACK", 1),
[WARNING] ^
[WARNING] E:\VS\benkins\BX-Team\NDailyRewards\master\files\src\main\java\gq\bxteam\ndailyrewards\gui\ContentType.java:7: warning: no comment
[WARNING] EXIT("EXIT", 2),
[WARNING] ^
[WARNING] E:\VS\benkins\BX-Team\NDailyRewards\master\files\src\main\java\gq\bxteam\ndailyrewards\gui\ContentType.java:5: warning: no comment
[WARNING] NEXT("NEXT", 0),
[WARNING] ^
[WARNING] E:\VS\benkins\BX-Team\NDailyRewards\master\files\src\main\java\gq\bxteam\ndailyrewards\gui\ContentType.java:8: warning: no comment
[WARNING] NONE("NONE", 3);
[WARNING] ^
[WARNING] Generating E:\VS\benkins\BX-Team\NDailyRewards\master\files\target\apidocs\gq\bxteam\ndailyrewards\data\D2MySQL.html...
[WARNING] E:\VS\benkins\BX-Team\NDailyRewards\master\files\src\main\java\gq\bxteam\ndailyrewards\data\D2MySQL.java:11: warning: no comment
[WARNING] public class D2MySQL extends IDataV2
[WARNING] ^
[WARNING] E:\VS\benkins\BX-Team\NDailyRewards\master\files\src\main\java\gq\bxteam\ndailyrewards\data\D2MySQL.java:22: warning: no comment
[WARNING] public D2MySQL(final NDailyRewards plugin) {
[WARNING] ^
[WARNING] E:\VS\benkins\BX-Team\NDailyRewards\master\files\src\main\java\gq\bxteam\ndailyrewards\data\IDataV2.java:31: warning: no comment
[WARNING] public abstract void create();
[WARNING] ^
[WARNING] E:\VS\benkins\BX-Team\NDailyRewards\master\files\src\main\java\gq\bxteam\ndailyrewards\data\D2MySQL.java:29: warning: no comment
[WARNING] public static synchronized D2MySQL getInstance() throws SQLException {
[WARNING] ^
[WARNING] E:\VS\benkins\BX-Team\NDailyRewards\master\files\src\main\java\gq\bxteam\ndailyrewards\data\IDataV2.java:33: warning: no comment
[WARNING] public abstract void open();
[WARNING] ^
[WARNING] Generating E:\VS\benkins\BX-Team\NDailyRewards\master\files\target\apidocs\gq\bxteam\ndailyrewards\data\D2SQLite.html...
[WARNING] E:\VS\benkins\BX-Team\NDailyRewards\master\files\src\main\java\gq\bxteam\ndailyrewards\data\D2SQLite.java:12: warning: no comment
[WARNING] public class D2SQLite extends IDataV2
[WARNING] ^
[WARNING] Generating E:\VS\benkins\BX-Team\NDailyRewards\master\files\target\apidocs\gq\bxteam\ndailyrewards\hooks\external\DailyTrait.html...
[WARNING] Generating E:\VS\benkins\BX-Team\NDailyRewards\master\files\target\apidocs\gq\bxteam\ndailyrewards\data\DataManager.html...
[WARNING] Generating E:\VS\benkins\BX-Team\NDailyRewards\master\files\target\apidocs\gq\bxteam\ndailyrewards\data\DataType.html...
[WARNING] Generating E:\VS\benkins\BX-Team\NDailyRewards\master\files\target\apidocs\gq\bxteam\ndailyrewards\manager\objects\DUser.html...
[WARNING] Generating E:\VS\benkins\BX-Team\NDailyRewards\master\files\target\apidocs\gq\bxteam\ndailyrewards\utils\Files.html...
[WARNING] Generating E:\VS\benkins\BX-Team\NDailyRewards\master\files\target\apidocs\gq\bxteam\ndailyrewards\nbt\utils\nmsmappings\Forge1710Mappings.html...
[WARNING] Generating E:\VS\benkins\BX-Team\NDailyRewards\master\files\target\apidocs\gq\bxteam\ndailyrewards\nbt\utils\GsonWrapper.html...
[WARNING] Generating E:\VS\benkins\BX-Team\NDailyRewards\master\files\target\apidocs\gq\bxteam\ndailyrewards\gui\GUI.html...
[WARNING] Generating E:\VS\benkins\BX-Team\NDailyRewards\master\files\target\apidocs\gq\bxteam\ndailyrewards\gui\GUIItem.html...
[WARNING] Generating E:\VS\benkins\BX-Team\NDailyRewards\master\files\target\apidocs\gq\bxteam\ndailyrewards\gui\GUIUtils.html...
[WARNING] Generating E:\VS\benkins\BX-Team\NDailyRewards\master\files\target\apidocs\gq\bxteam\ndailyrewards\cmds\list\HelpCommand.html...
[WARNING] Generating E:\VS\benkins\BX-Team\NDailyRewards\master\files\target\apidocs\gq\bxteam\ndailyrewards\hooks\Hook.html...
[WARNING] Generating E:\VS\benkins\BX-Team\NDailyRewards\master\files\target\apidocs\gq\bxteam\ndailyrewards\hooks\HookManager.html...
[WARNING] Generating E:\VS\benkins\BX-Team\NDailyRewards\master\files\target\apidocs\gq\bxteam\ndailyrewards\cmds\ICmd.html...
[WARNING] Generating E:\VS\benkins\BX-Team\NDailyRewards\master\files\target\apidocs\gq\bxteam\ndailyrewards\data\IDataV2.html...
[WARNING] Generating E:\VS\benkins\BX-Team\NDailyRewards\master\files\target\apidocs\gq\bxteam\ndailyrewards\cfg\JYML.html...
[WARNING] Generating E:\VS\benkins\BX-Team\NDailyRewards\master\files\target\apidocs\gq\bxteam\ndailyrewards\cfg\Lang.html...
[WARNING] Generating E:\VS\benkins\BX-Team\NDailyRewards\master\files\target\apidocs\gq\bxteam\ndailyrewards\utils\logs\LogType.html...
[WARNING] Generating E:\VS\benkins\BX-Team\NDailyRewards\master\files\target\apidocs\gq\bxteam\ndailyrewards\utils\logs\LogUtil.html...
[WARNING] Generating E:\VS\benkins\BX-Team\NDailyRewards\master\files\target\apidocs\gq\bxteam\ndailyrewards\utils\MethodNames.html...
[WARNING] Generating E:\VS\benkins\BX-Team\NDailyRewards\master\files\target\apidocs\gq\bxteam\ndailyrewards\utils\metrics\Metrics.html...
[WARNING] Generating E:\VS\benkins\BX-Team\NDailyRewards\master\files\target\apidocs\gq\bxteam\ndailyrewards\utils\metrics\Metrics.AdvancedBarChart.html...
[WARNING] Generating E:\VS\benkins\BX-Team\NDailyRewards\master\files\target\apidocs\gq\bxteam\ndailyrewards\utils\metrics\Metrics.AdvancedPie.html...
[WARNING] Generating E:\VS\benkins\BX-Team\NDailyRewards\master\files\target\apidocs\gq\bxteam\ndailyrewards\utils\metrics\Metrics.CustomChart.html...
[WARNING] Generating E:\VS\benkins\BX-Team\NDailyRewards\master\files\target\apidocs\gq\bxteam\ndailyrewards\utils\metrics\Metrics.DrilldownPie.html...
[WARNING] Generating E:\VS\benkins\BX-Team\NDailyRewards\master\files\target\apidocs\gq\bxteam\ndailyrewards\utils\metrics\Metrics.JsonObjectBuilder.html...
[WARNING] Generating E:\VS\benkins\BX-Team\NDailyRewards\master\files\target\apidocs\gq\bxteam\ndailyrewards\utils\metrics\Metrics.JsonObjectBuilder.JsonObject.html...
[WARNING] Generating E:\VS\benkins\BX-Team\NDailyRewards\master\files\target\apidocs\gq\bxteam\ndailyrewards\utils\metrics\Metrics.MetricsBase.html...
[WARNING] Generating E:\VS\benkins\BX-Team\NDailyRewards\master\files\target\apidocs\gq\bxteam\ndailyrewards\utils\metrics\Metrics.MultiLineChart.html...
[WARNING] Generating E:\VS\benkins\BX-Team\NDailyRewards\master\files\target\apidocs\gq\bxteam\ndailyrewards\utils\metrics\Metrics.SimpleBarChart.html...
[WARNING] Generating E:\VS\benkins\BX-Team\NDailyRewards\master\files\target\apidocs\gq\bxteam\ndailyrewards\utils\metrics\Metrics.SimplePie.html...
[WARNING] Generating E:\VS\benkins\BX-Team\NDailyRewards\master\files\target\apidocs\gq\bxteam\ndailyrewards\utils\metrics\Metrics.SingleLineChart.html...
[WARNING] Generating E:\VS\benkins\BX-Team\NDailyRewards\master\files\target\apidocs\gq\bxteam\ndailyrewards\nbt\utils\MinecraftVersion.html...
[WARNING] Generating E:\VS\benkins\BX-Team\NDailyRewards\master\files\target\apidocs\gq\bxteam\ndailyrewards\nbt\utils\nmsmappings\MojangToMapping.html...
[WARNING] Generating E:\VS\benkins\BX-Team\NDailyRewards\master\files\target\apidocs\gq\bxteam\ndailyrewards\cfg\MyConfig.html...
[WARNING] Generating E:\VS\benkins\BX-Team\NDailyRewards\master\files\target\apidocs\gq\bxteam\ndailyrewards\nbt\NBT.html...
[WARNING] Generating E:\VS\benkins\BX-Team\NDailyRewards\master\files\target\apidocs\gq\bxteam\ndailyrewards\nbt\NbtApiException.html...
[WARNING] Generating E:\VS\benkins\BX-Team\NDailyRewards\master\files\target\apidocs\gq\bxteam\ndailyrewards\nbt\NBTBlock.html...
[WARNING] Generating E:\VS\benkins\BX-Team\NDailyRewards\master\files\target\apidocs\gq\bxteam\ndailyrewards\nbt\NBTChunk.html...
[WARNING] Generating E:\VS\benkins\BX-Team\NDailyRewards\master\files\target\apidocs\gq\bxteam\ndailyrewards\nbt\NBTCompound.html...
[WARNING] Generating E:\VS\benkins\BX-Team\NDailyRewards\master\files\target\apidocs\gq\bxteam\ndailyrewards\nbt\NBTCompoundList.html...
[WARNING] Generating E:\VS\benkins\BX-Team\NDailyRewards\master\files\target\apidocs\gq\bxteam\ndailyrewards\nbt\NBTContainer.html...
[WARNING] Generating E:\VS\benkins\BX-Team\NDailyRewards\master\files\target\apidocs\gq\bxteam\ndailyrewards\nbt\NBTDoubleList.html...
[WARNING] Generating E:\VS\benkins\BX-Team\NDailyRewards\master\files\target\apidocs\gq\bxteam\ndailyrewards\nbt\NBTEntity.html...
[WARNING] Generating E:\VS\benkins\BX-Team\NDailyRewards\master\files\target\apidocs\gq\bxteam\ndailyrewards\nbt\NBTFile.html...
[WARNING] Generating E:\VS\benkins\BX-Team\NDailyRewards\master\files\target\apidocs\gq\bxteam\ndailyrewards\nbt\NBTFloatList.html...
[WARNING] Generating E:\VS\benkins\BX-Team\NDailyRewards\master\files\target\apidocs\gq\bxteam\ndailyrewards\nbt\NBTGameProfile.html...
[WARNING] Generating E:\VS\benkins\BX-Team\NDailyRewards\master\files\target\apidocs\gq\bxteam\ndailyrewards\nbt\NBTIntArrayList.html...
[WARNING] Generating E:\VS\benkins\BX-Team\NDailyRewards\master\files\target\apidocs\gq\bxteam\ndailyrewards\nbt\NBTIntegerList.html...
[WARNING] Generating E:\VS\benkins\BX-Team\NDailyRewards\master\files\target\apidocs\gq\bxteam\ndailyrewards\nbt\NBTItem.html...
[WARNING] Generating E:\VS\benkins\BX-Team\NDailyRewards\master\files\target\apidocs\gq\bxteam\ndailyrewards\nbt\NBTList.html...
[WARNING] Generating E:\VS\benkins\BX-Team\NDailyRewards\master\files\target\apidocs\gq\bxteam\ndailyrewards\nbt\NBTListCompound.html...
[WARNING] Generating E:\VS\benkins\BX-Team\NDailyRewards\master\files\target\apidocs\gq\bxteam\ndailyrewards\nbt\NBTLongList.html...
[WARNING] Generating E:\VS\benkins\BX-Team\NDailyRewards\master\files\target\apidocs\gq\bxteam\ndailyrewards\nbt\NBTPersistentDataContainer.html...
[WARNING] Generating E:\VS\benkins\BX-Team\NDailyRewards\master\files\target\apidocs\gq\bxteam\ndailyrewards\nbt\NBTReflectionUtil.html...
[WARNING] Generating E:\VS\benkins\BX-Team\NDailyRewards\master\files\target\apidocs\gq\bxteam\ndailyrewards\nbt\NBTStringList.html...
[WARNING] Generating E:\VS\benkins\BX-Team\NDailyRewards\master\files\target\apidocs\gq\bxteam\ndailyrewards\nbt\NBTTileEntity.html...
[WARNING] Generating E:\VS\benkins\BX-Team\NDailyRewards\master\files\target\apidocs\gq\bxteam\ndailyrewards\nbt\NBTType.html...
[WARNING] Generating E:\VS\benkins\BX-Team\NDailyRewards\master\files\target\apidocs\gq\bxteam\ndailyrewards\nbt\NBTUUIDList.html...
[WARNING] Generating E:\VS\benkins\BX-Team\NDailyRewards\master\files\target\apidocs\gq\bxteam\ndailyrewards\NDailyRewards.html...
[WARNING] Generating E:\VS\benkins\BX-Team\NDailyRewards\master\files\target\apidocs\gq\bxteam\ndailyrewards\nbt\utils\nmsmappings\ObjectCreator.html...
[WARNING] Generating E:\VS\benkins\BX-Team\NDailyRewards\master\files\target\apidocs\gq\bxteam\ndailyrewards\cmds\list\OpenCommand.html...
[WARNING] Generating E:\VS\benkins\BX-Team\NDailyRewards\master\files\target\apidocs\gq\bxteam\ndailyrewards\nbt\utils\nmsmappings\PackageWrapper.html...
[WARNING] Generating E:\VS\benkins\BX-Team\NDailyRewards\master\files\target\apidocs\gq\bxteam\ndailyrewards\gui\Pageable.html...
[WARNING] Generating E:\VS\benkins\BX-Team\NDailyRewards\master\files\target\apidocs\gq\bxteam\ndailyrewards\nbt\iface\ReadableNBT.html...
[WARNING] Generating E:\VS\benkins\BX-Team\NDailyRewards\master\files\target\apidocs\gq\bxteam\ndailyrewards\nbt\iface\ReadableNBTList.html...
[WARNING] Generating E:\VS\benkins\BX-Team\NDailyRewards\master\files\target\apidocs\gq\bxteam\ndailyrewards\nbt\iface\ReadWriteItemNBT.html...
[WARNING] Generating E:\VS\benkins\BX-Team\NDailyRewards\master\files\target\apidocs\gq\bxteam\ndailyrewards\nbt\iface\ReadWriteNBT.html...
[WARNING] Generating E:\VS\benkins\BX-Team\NDailyRewards\master\files\target\apidocs\gq\bxteam\ndailyrewards\nbt\iface\ReadWriteNBTCompoundList.html...
[WARNING] Generating E:\VS\benkins\BX-Team\NDailyRewards\master\files\target\apidocs\gq\bxteam\ndailyrewards\nbt\iface\ReadWriteNBTList.html...
[WARNING] Generating E:\VS\benkins\BX-Team\NDailyRewards\master\files\target\apidocs\gq\bxteam\ndailyrewards\nbt\utils\nmsmappings\ReflectionMethod.html...
[WARNING] Generating E:\VS\benkins\BX-Team\NDailyRewards\master\files\target\apidocs\gq\bxteam\ndailyrewards\nbt\utils\nmsmappings\ReflectionMethod.Since.html...
[WARNING] Generating E:\VS\benkins\BX-Team\NDailyRewards\master\files\target\apidocs\gq\bxteam\ndailyrewards\nbt\utils\ReflectionUtil.html...
[WARNING] Generating E:\VS\benkins\BX-Team\NDailyRewards\master\files\target\apidocs\gq\bxteam\ndailyrewards\cmds\list\ReloadCommand.html...
[WARNING] Generating E:\VS\benkins\BX-Team\NDailyRewards\master\files\target\apidocs\gq\bxteam\ndailyrewards\manager\objects\Reward.html...
[WARNING] Generating E:\VS\benkins\BX-Team\NDailyRewards\master\files\target\apidocs\gq\bxteam\ndailyrewards\manager\RewardGUI.html...
[WARNING] Generating E:\VS\benkins\BX-Team\NDailyRewards\master\files\target\apidocs\gq\bxteam\ndailyrewards\tasks\SaveTask.html...
[WARNING] Generating E:\VS\benkins\BX-Team\NDailyRewards\master\files\target\apidocs\gq\bxteam\ndailyrewards\manager\UserManager.html...
[WARNING] Generating E:\VS\benkins\BX-Team\NDailyRewards\master\files\target\apidocs\gq\bxteam\ndailyrewards\nbt\utils\UUIDUtil.html...
[WARNING] Generating E:\VS\benkins\BX-Team\NDailyRewards\master\files\target\apidocs\gq\bxteam\ndailyrewards\nbt\utils\VersionChecker.html...
[WARNING] Generating E:\VS\benkins\BX-Team\NDailyRewards\master\files\target\apidocs\gq\bxteam\ndailyrewards\cmds\list\VersionCommand.html...
[WARNING] Generating E:\VS\benkins\BX-Team\NDailyRewards\master\files\target\apidocs\gq\bxteam\ndailyrewards\package-summary.html...
[WARNING] Generating E:\VS\benkins\BX-Team\NDailyRewards\master\files\target\apidocs\gq\bxteam\ndailyrewards\package-tree.html...
[WARNING] Generating E:\VS\benkins\BX-Team\NDailyRewards\master\files\target\apidocs\gq\bxteam\ndailyrewards\cfg\package-summary.html...
[WARNING] Generating E:\VS\benkins\BX-Team\NDailyRewards\master\files\target\apidocs\gq\bxteam\ndailyrewards\cfg\package-tree.html...
[WARNING] Generating E:\VS\benkins\BX-Team\NDailyRewards\master\files\target\apidocs\gq\bxteam\ndailyrewards\cmds\package-summary.html...
[WARNING] Generating E:\VS\benkins\BX-Team\NDailyRewards\master\files\target\apidocs\gq\bxteam\ndailyrewards\cmds\package-tree.html...
[WARNING] Generating E:\VS\benkins\BX-Team\NDailyRewards\master\files\target\apidocs\gq\bxteam\ndailyrewards\cmds\list\package-summary.html...
[WARNING] Generating E:\VS\benkins\BX-Team\NDailyRewards\master\files\target\apidocs\gq\bxteam\ndailyrewards\cmds\list\package-tree.html...
[WARNING] Generating E:\VS\benkins\BX-Team\NDailyRewards\master\files\target\apidocs\gq\bxteam\ndailyrewards\data\package-summary.html...
[WARNING] Generating E:\VS\benkins\BX-Team\NDailyRewards\master\files\target\apidocs\gq\bxteam\ndailyrewards\data\package-tree.html...
[WARNING] Generating E:\VS\benkins\BX-Team\NDailyRewards\master\files\target\apidocs\gq\bxteam\ndailyrewards\gui\package-summary.html...
[WARNING] Generating E:\VS\benkins\BX-Team\NDailyRewards\master\files\target\apidocs\gq\bxteam\ndailyrewards\gui\package-tree.html...
[WARNING] Generating E:\VS\benkins\BX-Team\NDailyRewards\master\files\target\apidocs\gq\bxteam\ndailyrewards\hooks\package-summary.html...
[WARNING] Generating E:\VS\benkins\BX-Team\NDailyRewards\master\files\target\apidocs\gq\bxteam\ndailyrewards\hooks\package-tree.html...
[WARNING] Generating E:\VS\benkins\BX-Team\NDailyRewards\master\files\target\apidocs\gq\bxteam\ndailyrewards\hooks\external\package-summary.html...
[WARNING] Generating E:\VS\benkins\BX-Team\NDailyRewards\master\files\target\apidocs\gq\bxteam\ndailyrewards\hooks\external\package-tree.html...
[WARNING] Generating E:\VS\benkins\BX-Team\NDailyRewards\master\files\target\apidocs\gq\bxteam\ndailyrewards\manager\package-summary.html...
[WARNING] Generating E:\VS\benkins\BX-Team\NDailyRewards\master\files\target\apidocs\gq\bxteam\ndailyrewards\manager\package-tree.html...
[WARNING] Generating E:\VS\benkins\BX-Team\NDailyRewards\master\files\target\apidocs\gq\bxteam\ndailyrewards\manager\objects\package-summary.html...
[WARNING] Generating E:\VS\benkins\BX-Team\NDailyRewards\master\files\target\apidocs\gq\bxteam\ndailyrewards\manager\objects\package-tree.html...
[WARNING] Generating E:\VS\benkins\BX-Team\NDailyRewards\master\files\target\apidocs\gq\bxteam\ndailyrewards\nbt\package-summary.html...
[WARNING] Generating E:\VS\benkins\BX-Team\NDailyRewards\master\files\target\apidocs\gq\bxteam\ndailyrewards\nbt\package-tree.html...
[WARNING] Generating E:\VS\benkins\BX-Team\NDailyRewards\master\files\target\apidocs\gq\bxteam\ndailyrewards\nbt\iface\package-summary.html...
[WARNING] Generating E:\VS\benkins\BX-Team\NDailyRewards\master\files\target\apidocs\gq\bxteam\ndailyrewards\nbt\iface\package-tree.html...
[WARNING] Generating E:\VS\benkins\BX-Team\NDailyRewards\master\files\target\apidocs\gq\bxteam\ndailyrewards\nbt\utils\package-summary.html...
[WARNING] Generating E:\VS\benkins\BX-Team\NDailyRewards\master\files\target\apidocs\gq\bxteam\ndailyrewards\nbt\utils\package-tree.html...
[WARNING] Generating E:\VS\benkins\BX-Team\NDailyRewards\master\files\target\apidocs\gq\bxteam\ndailyrewards\nbt\utils\annotations\package-summary.html...
[WARNING] Generating E:\VS\benkins\BX-Team\NDailyRewards\master\files\target\apidocs\gq\bxteam\ndailyrewards\nbt\utils\annotations\package-tree.html...
[WARNING] Generating E:\VS\benkins\BX-Team\NDailyRewards\master\files\target\apidocs\gq\bxteam\ndailyrewards\nbt\utils\nmsmappings\package-summary.html...
[WARNING] Generating E:\VS\benkins\BX-Team\NDailyRewards\master\files\target\apidocs\gq\bxteam\ndailyrewards\nbt\utils\nmsmappings\package-tree.html...
[WARNING] Generating E:\VS\benkins\BX-Team\NDailyRewards\master\files\target\apidocs\gq\bxteam\ndailyrewards\tasks\package-summary.html...
[WARNING] Generating E:\VS\benkins\BX-Team\NDailyRewards\master\files\target\apidocs\gq\bxteam\ndailyrewards\tasks\package-tree.html...
[WARNING] Generating E:\VS\benkins\BX-Team\NDailyRewards\master\files\target\apidocs\gq\bxteam\ndailyrewards\utils\package-summary.html...
[WARNING] Generating E:\VS\benkins\BX-Team\NDailyRewards\master\files\target\apidocs\gq\bxteam\ndailyrewards\utils\package-tree.html...
[WARNING] Generating E:\VS\benkins\BX-Team\NDailyRewards\master\files\target\apidocs\gq\bxteam\ndailyrewards\utils\logs\package-summary.html...
[WARNING] Generating E:\VS\benkins\BX-Team\NDailyRewards\master\files\target\apidocs\gq\bxteam\ndailyrewards\utils\logs\package-tree.html...
[WARNING] Generating E:\VS\benkins\BX-Team\NDailyRewards\master\files\target\apidocs\gq\bxteam\ndailyrewards\utils\metrics\package-summary.html...
[WARNING] Generating E:\VS\benkins\BX-Team\NDailyRewards\master\files\target\apidocs\gq\bxteam\ndailyrewards\utils\metrics\package-tree.html...
[WARNING] Generating E:\VS\benkins\BX-Team\NDailyRewards\master\files\target\apidocs\constant-values.html...
[WARNING] Generating E:\VS\benkins\BX-Team\NDailyRewards\master\files\target\apidocs\serialized-form.html...
[WARNING] Generating E:\VS\benkins\BX-Team\NDailyRewards\master\files\target\apidocs\gq\bxteam\ndailyrewards\class-use\AbstractListener.html...
[WARNING] Generating E:\VS\benkins\BX-Team\NDailyRewards\master\files\target\apidocs\gq\bxteam\ndailyrewards\class-use\NDailyRewards.html...
[WARNING] Generating E:\VS\benkins\BX-Team\NDailyRewards\master\files\target\apidocs\gq\bxteam\ndailyrewards\cfg\class-use\Config.html...
[WARNING] Generating E:\VS\benkins\BX-Team\NDailyRewards\master\files\target\apidocs\gq\bxteam\ndailyrewards\cfg\class-use\ConfigManager.html...
[WARNING] Generating E:\VS\benkins\BX-Team\NDailyRewards\master\files\target\apidocs\gq\bxteam\ndailyrewards\cfg\class-use\JYML.html...
[WARNING] Generating E:\VS\benkins\BX-Team\NDailyRewards\master\files\target\apidocs\gq\bxteam\ndailyrewards\cfg\class-use\Lang.html...
[WARNING] Generating E:\VS\benkins\BX-Team\NDailyRewards\master\files\target\apidocs\gq\bxteam\ndailyrewards\cfg\class-use\MyConfig.html...
[WARNING] Generating E:\VS\benkins\BX-Team\NDailyRewards\master\files\target\apidocs\gq\bxteam\ndailyrewards\cmds\class-use\CommandManager.html...
[WARNING] Generating E:\VS\benkins\BX-Team\NDailyRewards\master\files\target\apidocs\gq\bxteam\ndailyrewards\cmds\class-use\ICmd.html...
[WARNING] Generating E:\VS\benkins\BX-Team\NDailyRewards\master\files\target\apidocs\gq\bxteam\ndailyrewards\cmds\list\class-use\HelpCommand.html...
[WARNING] Generating E:\VS\benkins\BX-Team\NDailyRewards\master\files\target\apidocs\gq\bxteam\ndailyrewards\cmds\list\class-use\OpenCommand.html...
[WARNING] Generating E:\VS\benkins\BX-Team\NDailyRewards\master\files\target\apidocs\gq\bxteam\ndailyrewards\cmds\list\class-use\ReloadCommand.html...
[WARNING] Generating E:\VS\benkins\BX-Team\NDailyRewards\master\files\target\apidocs\gq\bxteam\ndailyrewards\cmds\list\class-use\VersionCommand.html...
[WARNING] Generating E:\VS\benkins\BX-Team\NDailyRewards\master\files\target\apidocs\gq\bxteam\ndailyrewards\data\class-use\D2MySQL.html...
[WARNING] Generating E:\VS\benkins\BX-Team\NDailyRewards\master\files\target\apidocs\gq\bxteam\ndailyrewards\data\class-use\D2SQLite.html...
[WARNING] Generating E:\VS\benkins\BX-Team\NDailyRewards\master\files\target\apidocs\gq\bxteam\ndailyrewards\data\class-use\DataManager.html...
[WARNING] Generating E:\VS\benkins\BX-Team\NDailyRewards\master\files\target\apidocs\gq\bxteam\ndailyrewards\data\class-use\DataType.html...
[WARNING] Generating E:\VS\benkins\BX-Team\NDailyRewards\master\files\target\apidocs\gq\bxteam\ndailyrewards\data\class-use\IDataV2.html...
[WARNING] Generating E:\VS\benkins\BX-Team\NDailyRewards\master\files\target\apidocs\gq\bxteam\ndailyrewards\gui\class-use\ContentType.html...
[WARNING] Generating E:\VS\benkins\BX-Team\NDailyRewards\master\files\target\apidocs\gq\bxteam\ndailyrewards\gui\class-use\GUI.html...
[WARNING] Generating E:\VS\benkins\BX-Team\NDailyRewards\master\files\target\apidocs\gq\bxteam\ndailyrewards\gui\class-use\GUIItem.html...
[WARNING] Generating E:\VS\benkins\BX-Team\NDailyRewards\master\files\target\apidocs\gq\bxteam\ndailyrewards\gui\class-use\GUIUtils.html...
[WARNING] Generating E:\VS\benkins\BX-Team\NDailyRewards\master\files\target\apidocs\gq\bxteam\ndailyrewards\gui\class-use\Pageable.html...
[WARNING] Generating E:\VS\benkins\BX-Team\NDailyRewards\master\files\target\apidocs\gq\bxteam\ndailyrewards\hooks\external\class-use\CitizensHK.html...
[WARNING] Generating E:\VS\benkins\BX-Team\NDailyRewards\master\files\target\apidocs\gq\bxteam\ndailyrewards\hooks\external\class-use\DailyTrait.html...
[WARNING] Generating E:\VS\benkins\BX-Team\NDailyRewards\master\files\target\apidocs\gq\bxteam\ndailyrewards\hooks\class-use\Hook.html...
[WARNING] Generating E:\VS\benkins\BX-Team\NDailyRewards\master\files\target\apidocs\gq\bxteam\ndailyrewards\hooks\class-use\HookManager.html...
[WARNING] Generating E:\VS\benkins\BX-Team\NDailyRewards\master\files\target\apidocs\gq\bxteam\ndailyrewards\manager\objects\class-use\DUser.html...
[WARNING] Generating E:\VS\benkins\BX-Team\NDailyRewards\master\files\target\apidocs\gq\bxteam\ndailyrewards\manager\objects\class-use\Reward.html...
[WARNING] Generating E:\VS\benkins\BX-Team\NDailyRewards\master\files\target\apidocs\gq\bxteam\ndailyrewards\manager\class-use\RewardGUI.html...
[WARNING] Generating E:\VS\benkins\BX-Team\NDailyRewards\master\files\target\apidocs\gq\bxteam\ndailyrewards\manager\class-use\UserManager.html...
[WARNING] Generating E:\VS\benkins\BX-Team\NDailyRewards\master\files\target\apidocs\gq\bxteam\ndailyrewards\nbt\iface\class-use\ReadableNBT.html...
[WARNING] Generating E:\VS\benkins\BX-Team\NDailyRewards\master\files\target\apidocs\gq\bxteam\ndailyrewards\nbt\iface\class-use\ReadableNBTList.html...
[WARNING] Generating E:\VS\benkins\BX-Team\NDailyRewards\master\files\target\apidocs\gq\bxteam\ndailyrewards\nbt\iface\class-use\ReadWriteItemNBT.html...
[WARNING] Generating E:\VS\benkins\BX-Team\NDailyRewards\master\files\target\apidocs\gq\bxteam\ndailyrewards\nbt\iface\class-use\ReadWriteNBT.html...
[WARNING] Generating E:\VS\benkins\BX-Team\NDailyRewards\master\files\target\apidocs\gq\bxteam\ndailyrewards\nbt\iface\class-use\ReadWriteNBTCompoundList.html...
[WARNING] Generating E:\VS\benkins\BX-Team\NDailyRewards\master\files\target\apidocs\gq\bxteam\ndailyrewards\nbt\iface\class-use\ReadWriteNBTList.html...
[WARNING] Generating E:\VS\benkins\BX-Team\NDailyRewards\master\files\target\apidocs\gq\bxteam\ndailyrewards\nbt\class-use\NBT.html...
[WARNING] Generating E:\VS\benkins\BX-Team\NDailyRewards\master\files\target\apidocs\gq\bxteam\ndailyrewards\nbt\class-use\NbtApiException.html...
[WARNING] Generating E:\VS\benkins\BX-Team\NDailyRewards\master\files\target\apidocs\gq\bxteam\ndailyrewards\nbt\class-use\NBTBlock.html...
[WARNING] Generating E:\VS\benkins\BX-Team\NDailyRewards\master\files\target\apidocs\gq\bxteam\ndailyrewards\nbt\class-use\NBTChunk.html...
[WARNING] Generating E:\VS\benkins\BX-Team\NDailyRewards\master\files\target\apidocs\gq\bxteam\ndailyrewards\nbt\class-use\NBTCompound.html...
[WARNING] Generating E:\VS\benkins\BX-Team\NDailyRewards\master\files\target\apidocs\gq\bxteam\ndailyrewards\nbt\class-use\NBTCompoundList.html...
[WARNING] Generating E:\VS\benkins\BX-Team\NDailyRewards\master\files\target\apidocs\gq\bxteam\ndailyrewards\nbt\class-use\NBTContainer.html...
[WARNING] Generating E:\VS\benkins\BX-Team\NDailyRewards\master\files\target\apidocs\gq\bxteam\ndailyrewards\nbt\class-use\NBTDoubleList.html...
[WARNING] Generating E:\VS\benkins\BX-Team\NDailyRewards\master\files\target\apidocs\gq\bxteam\ndailyrewards\nbt\class-use\NBTEntity.html...
[WARNING] Generating E:\VS\benkins\BX-Team\NDailyRewards\master\files\target\apidocs\gq\bxteam\ndailyrewards\nbt\class-use\NBTFile.html...
[WARNING] Generating E:\VS\benkins\BX-Team\NDailyRewards\master\files\target\apidocs\gq\bxteam\ndailyrewards\nbt\class-use\NBTFloatList.html...
[WARNING] Generating E:\VS\benkins\BX-Team\NDailyRewards\master\files\target\apidocs\gq\bxteam\ndailyrewards\nbt\class-use\NBTGameProfile.html...
[WARNING] Generating E:\VS\benkins\BX-Team\NDailyRewards\master\files\target\apidocs\gq\bxteam\ndailyrewards\nbt\class-use\NBTIntArrayList.html...
[WARNING] Generating E:\VS\benkins\BX-Team\NDailyRewards\master\files\target\apidocs\gq\bxteam\ndailyrewards\nbt\class-use\NBTIntegerList.html...
[WARNING] Generating E:\VS\benkins\BX-Team\NDailyRewards\master\files\target\apidocs\gq\bxteam\ndailyrewards\nbt\class-use\NBTItem.html...
[WARNING] Generating E:\VS\benkins\BX-Team\NDailyRewards\master\files\target\apidocs\gq\bxteam\ndailyrewards\nbt\class-use\NBTList.html...
[WARNING] Generating E:\VS\benkins\BX-Team\NDailyRewards\master\files\target\apidocs\gq\bxteam\ndailyrewards\nbt\class-use\NBTListCompound.html...
[WARNING] Generating E:\VS\benkins\BX-Team\NDailyRewards\master\files\target\apidocs\gq\bxteam\ndailyrewards\nbt\class-use\NBTLongList.html...
[WARNING] Generating E:\VS\benkins\BX-Team\NDailyRewards\master\files\target\apidocs\gq\bxteam\ndailyrewards\nbt\class-use\NBTPersistentDataContainer.html...
[WARNING] Generating E:\VS\benkins\BX-Team\NDailyRewards\master\files\target\apidocs\gq\bxteam\ndailyrewards\nbt\class-use\NBTReflectionUtil.html...
[WARNING] Generating E:\VS\benkins\BX-Team\NDailyRewards\master\files\target\apidocs\gq\bxteam\ndailyrewards\nbt\class-use\NBTStringList.html...
[WARNING] Generating E:\VS\benkins\BX-Team\NDailyRewards\master\files\target\apidocs\gq\bxteam\ndailyrewards\nbt\class-use\NBTTileEntity.html...
[WARNING] Generating E:\VS\benkins\BX-Team\NDailyRewards\master\files\target\apidocs\gq\bxteam\ndailyrewards\nbt\class-use\NBTType.html...
[WARNING] Generating E:\VS\benkins\BX-Team\NDailyRewards\master\files\target\apidocs\gq\bxteam\ndailyrewards\nbt\class-use\NBTUUIDList.html...
[WARNING] Generating E:\VS\benkins\BX-Team\NDailyRewards\master\files\target\apidocs\gq\bxteam\ndailyrewards\nbt\utils\annotations\class-use\AvailableSince.html...
[WARNING] Generating E:\VS\benkins\BX-Team\NDailyRewards\master\files\target\apidocs\gq\bxteam\ndailyrewards\nbt\utils\annotations\class-use\CheckUtil.html...
[WARNING] Generating E:\VS\benkins\BX-Team\NDailyRewards\master\files\target\apidocs\gq\bxteam\ndailyrewards\nbt\utils\class-use\ApiMetricsLite.html...
[WARNING] Generating E:\VS\benkins\BX-Team\NDailyRewards\master\files\target\apidocs\gq\bxteam\ndailyrewards\nbt\utils\class-use\GsonWrapper.html...
[WARNING] Generating E:\VS\benkins\BX-Team\NDailyRewards\master\files\target\apidocs\gq\bxteam\ndailyrewards\nbt\utils\class-use\MinecraftVersion.html...
[WARNING] Generating E:\VS\benkins\BX-Team\NDailyRewards\master\files\target\apidocs\gq\bxteam\ndailyrewards\nbt\utils\class-use\ReflectionUtil.html...
[WARNING] Generating E:\VS\benkins\BX-Team\NDailyRewards\master\files\target\apidocs\gq\bxteam\ndailyrewards\nbt\utils\class-use\UUIDUtil.html...
[WARNING] Generating E:\VS\benkins\BX-Team\NDailyRewards\master\files\target\apidocs\gq\bxteam\ndailyrewards\nbt\utils\class-use\VersionChecker.html...
[WARNING] Generating E:\VS\benkins\BX-Team\NDailyRewards\master\files\target\apidocs\gq\bxteam\ndailyrewards\nbt\utils\nmsmappings\class-use\ClassWrapper.html...
[WARNING] Generating E:\VS\benkins\BX-Team\NDailyRewards\master\files\target\apidocs\gq\bxteam\ndailyrewards\nbt\utils\nmsmappings\class-use\Forge1710Mappings.html...
[WARNING] Generating E:\VS\benkins\BX-Team\NDailyRewards\master\files\target\apidocs\gq\bxteam\ndailyrewards\nbt\utils\nmsmappings\class-use\MojangToMapping.html...
[WARNING] Generating E:\VS\benkins\BX-Team\NDailyRewards\master\files\target\apidocs\gq\bxteam\ndailyrewards\nbt\utils\nmsmappings\class-use\ObjectCreator.html...
[WARNING] Generating E:\VS\benkins\BX-Team\NDailyRewards\master\files\target\apidocs\gq\bxteam\ndailyrewards\nbt\utils\nmsmappings\class-use\PackageWrapper.html...
[WARNING] Generating E:\VS\benkins\BX-Team\NDailyRewards\master\files\target\apidocs\gq\bxteam\ndailyrewards\nbt\utils\nmsmappings\class-use\ReflectionMethod.html...
[WARNING] Generating E:\VS\benkins\BX-Team\NDailyRewards\master\files\target\apidocs\gq\bxteam\ndailyrewards\nbt\utils\nmsmappings\class-use\ReflectionMethod.Since.html...
[WARNING] Generating E:\VS\benkins\BX-Team\NDailyRewards\master\files\target\apidocs\gq\bxteam\ndailyrewards\tasks\class-use\SaveTask.html...
[WARNING] Generating E:\VS\benkins\BX-Team\NDailyRewards\master\files\target\apidocs\gq\bxteam\ndailyrewards\utils\class-use\ArchUtils.html...
[WARNING] Generating E:\VS\benkins\BX-Team\NDailyRewards\master\files\target\apidocs\gq\bxteam\ndailyrewards\utils\class-use\Files.html...
[WARNING] Generating E:\VS\benkins\BX-Team\NDailyRewards\master\files\target\apidocs\gq\bxteam\ndailyrewards\utils\class-use\MethodNames.html...
[WARNING] Generating E:\VS\benkins\BX-Team\NDailyRewards\master\files\target\apidocs\gq\bxteam\ndailyrewards\utils\logs\class-use\LogType.html...
[WARNING] Generating E:\VS\benkins\BX-Team\NDailyRewards\master\files\target\apidocs\gq\bxteam\ndailyrewards\utils\logs\class-use\LogUtil.html...
[WARNING] Generating E:\VS\benkins\BX-Team\NDailyRewards\master\files\target\apidocs\gq\bxteam\ndailyrewards\utils\metrics\class-use\Metrics.html...
[WARNING] Generating E:\VS\benkins\BX-Team\NDailyRewards\master\files\target\apidocs\gq\bxteam\ndailyrewards\utils\metrics\class-use\Metrics.JsonObjectBuilder.html...
[WARNING] Generating E:\VS\benkins\BX-Team\NDailyRewards\master\files\target\apidocs\gq\bxteam\ndailyrewards\utils\metrics\class-use\Metrics.JsonObjectBuilder.JsonObject.html...
[WARNING] Generating E:\VS\benkins\BX-Team\NDailyRewards\master\files\target\apidocs\gq\bxteam\ndailyrewards\utils\metrics\class-use\Metrics.SingleLineChart.html...
[WARNING] Generating E:\VS\benkins\BX-Team\NDailyRewards\master\files\target\apidocs\gq\bxteam\ndailyrewards\utils\metrics\class-use\Metrics.AdvancedBarChart.html...
[WARNING] Generating E:\VS\benkins\BX-Team\NDailyRewards\master\files\target\apidocs\gq\bxteam\ndailyrewards\utils\metrics\class-use\Metrics.SimplePie.html...
[WARNING] Generating E:\VS\benkins\BX-Team\NDailyRewards\master\files\target\apidocs\gq\bxteam\ndailyrewards\utils\metrics\class-use\Metrics.CustomChart.html...
[WARNING] Generating E:\VS\benkins\BX-Team\NDailyRewards\master\files\target\apidocs\gq\bxteam\ndailyrewards\utils\metrics\class-use\Metrics.SimpleBarChart.html...
[WARNING] Generating E:\VS\benkins\BX-Team\NDailyRewards\master\files\target\apidocs\gq\bxteam\ndailyrewards\utils\metrics\class-use\Metrics.MultiLineChart.html...
[WARNING] Generating E:\VS\benkins\BX-Team\NDailyRewards\master\files\target\apidocs\gq\bxteam\ndailyrewards\utils\metrics\class-use\Metrics.AdvancedPie.html...
[WARNING] Generating E:\VS\benkins\BX-Team\NDailyRewards\master\files\target\apidocs\gq\bxteam\ndailyrewards\utils\metrics\class-use\Metrics.DrilldownPie.html...
[WARNING] Generating E:\VS\benkins\BX-Team\NDailyRewards\master\files\target\apidocs\gq\bxteam\ndailyrewards\utils\metrics\class-use\Metrics.MetricsBase.html...
[WARNING] Generating E:\VS\benkins\BX-Team\NDailyRewards\master\files\target\apidocs\gq\bxteam\ndailyrewards\package-use.html...
[WARNING] Generating E:\VS\benkins\BX-Team\NDailyRewards\master\files\target\apidocs\gq\bxteam\ndailyrewards\cfg\package-use.html...
[WARNING] Generating E:\VS\benkins\BX-Team\NDailyRewards\master\files\target\apidocs\gq\bxteam\ndailyrewards\cmds\package-use.html...
[WARNING] Generating E:\VS\benkins\BX-Team\NDailyRewards\master\files\target\apidocs\gq\bxteam\ndailyrewards\cmds\list\package-use.html...
[WARNING] Generating E:\VS\benkins\BX-Team\NDailyRewards\master\files\target\apidocs\gq\bxteam\ndailyrewards\data\package-use.html...
[WARNING] Generating E:\VS\benkins\BX-Team\NDailyRewards\master\files\target\apidocs\gq\bxteam\ndailyrewards\gui\package-use.html...
[WARNING] Generating E:\VS\benkins\BX-Team\NDailyRewards\master\files\target\apidocs\gq\bxteam\ndailyrewards\hooks\package-use.html...
[WARNING] Generating E:\VS\benkins\BX-Team\NDailyRewards\master\files\target\apidocs\gq\bxteam\ndailyrewards\hooks\external\package-use.html...
[WARNING] Generating E:\VS\benkins\BX-Team\NDailyRewards\master\files\target\apidocs\gq\bxteam\ndailyrewards\manager\package-use.html...
[WARNING] Generating E:\VS\benkins\BX-Team\NDailyRewards\master\files\target\apidocs\gq\bxteam\ndailyrewards\manager\objects\package-use.html...
[WARNING] Generating E:\VS\benkins\BX-Team\NDailyRewards\master\files\target\apidocs\gq\bxteam\ndailyrewards\nbt\package-use.html...
[WARNING] Generating E:\VS\benkins\BX-Team\NDailyRewards\master\files\target\apidocs\gq\bxteam\ndailyrewards\nbt\iface\package-use.html...
[WARNING] Generating E:\VS\benkins\BX-Team\NDailyRewards\master\files\target\apidocs\gq\bxteam\ndailyrewards\nbt\utils\package-use.html...
[WARNING] Generating E:\VS\benkins\BX-Team\NDailyRewards\master\files\target\apidocs\gq\bxteam\ndailyrewards\nbt\utils\annotations\package-use.html...
[WARNING] Generating E:\VS\benkins\BX-Team\NDailyRewards\master\files\target\apidocs\gq\bxteam\ndailyrewards\nbt\utils\nmsmappings\package-use.html...
[WARNING] Generating E:\VS\benkins\BX-Team\NDailyRewards\master\files\target\apidocs\gq\bxteam\ndailyrewards\tasks\package-use.html...
[WARNING] Generating E:\VS\benkins\BX-Team\NDailyRewards\master\files\target\apidocs\gq\bxteam\ndailyrewards\utils\package-use.html...
[WARNING] Generating E:\VS\benkins\BX-Team\NDailyRewards\master\files\target\apidocs\gq\bxteam\ndailyrewards\utils\logs\package-use.html...
[WARNING] Generating E:\VS\benkins\BX-Team\NDailyRewards\master\files\target\apidocs\gq\bxteam\ndailyrewards\utils\metrics\package-use.html...
[WARNING] Generating E:\VS\benkins\BX-Team\NDailyRewards\master\files\target\apidocs\overview-tree.html...
[WARNING] Generating E:\VS\benkins\BX-Team\NDailyRewards\master\files\target\apidocs\deprecated-list.html...
[WARNING] Generating E:\VS\benkins\BX-Team\NDailyRewards\master\files\target\apidocs\index.html...
[WARNING] Building index for all classes...
[WARNING] Generating E:\VS\benkins\BX-Team\NDailyRewards\master\files\target\apidocs\allclasses-index.html...
[WARNING] Generating E:\VS\benkins\BX-Team\NDailyRewards\master\files\target\apidocs\allpackages-index.html...
[WARNING] Generating E:\VS\benkins\BX-Team\NDailyRewards\master\files\target\apidocs\index-all.html...
[WARNING] Generating E:\VS\benkins\BX-Team\NDailyRewards\master\files\target\apidocs\overview-summary.html...
[WARNING] Generating E:\VS\benkins\BX-Team\NDailyRewards\master\files\target\apidocs\help-doc.html...
[WARNING] 100 warnings
[INFO] Building jar: E:\VS\benkins\BX-Team\NDailyRewards\master\files\target\NDailyRewards-2-javadoc.jar
[INFO] ------------------------------------------------------------------------
[INFO] BUILD SUCCESS
[INFO] ------------------------------------------------------------------------
[INFO] Total time:  23.613 s
[INFO] Finished at: 2023-01-14T23:33:25+03:00
[INFO] ------------------------------------------------------------------------
